Inserción completa.
==== INICIO EJECUCIÓN METRICS-TO-DB.PHP: 2025-06-03 12:08:01 ====
Conexión a MySQL exitosa.
Inserción completa.
==== FIN EJECUCIÓN METRICS-TO-DB.PHP: 2025-06-03 12:08:01 ====
==== INICIO EJECUCIÓN METRICS-TO-DB.PHP: 2025-06-03 12:10:01 ====
Conexión a MySQL exitosa.
Inserción completa.
==== FIN EJECUCIÓN METRICS-TO-DB.PHP: 2025-06-03 12:10:01 ====
==== INICIO EJECUCIÓN METRICS-TO-DB.PHP: 2025-06-03 12:12:01 ====
Conexión a MySQL exitosa.
Nuevos registros insertados en metrics: 4
Nuevos registros insertados en metrics_likes: 2
Inserción completa.
==== FIN EJECUCIÓN METRICS-TO-DB.PHP: 2025-06-03 12:12:01 ====
==== INICIO EJECUCIÓN METRICS-TO-DB.PHP: 2025-06-03 12:14:01 ====
Conexión a MySQL exitosa.
Nuevos registros insertados en metrics: 4
Nuevos registros insertados en metrics_likes: 2
Inserción completa.
==== FIN EJECUCIÓN METRICS-TO-DB.PHP: 2025-06-03 12:14:01 ====
==== INICIO EJECUCIÓN METRICS-TO-DB.PHP: 2025-06-03 12:16:01 ====
Conexión a MySQL exitosa.
Nuevos registros insertados en metrics: 4
Nuevos registros insertados en metrics_likes: 2
Inserción completa.
==== FIN EJECUCIÓN METRICS-TO-DB.PHP: 2025-06-03 12:16:01 ====
==== INICIO EJECUCIÓN METRICS-TO-DB.PHP: 2025-06-03 12:18:01 ====
Conexión a MySQL exitosa.
Nuevos registros insertados en metrics: 0
Nuevos registros insertados en metrics_likes: 0
Inserción completa.
==== FIN EJECUCIÓN METRICS-TO-DB.PHP: 2025-06-03 12:18:01 ====
==== INICIO EJECUCIÓN METRICS-TO-DB.PHP: 2025-06-03 12:20:02 ====
Conexión a MySQL exitosa.
Nuevos registros insertados en metrics: 12
Nuevos registros insertados en metrics_likes: 6
Inserción completa.
==== FIN EJECUCIÓN METRICS-TO-DB.PHP: 2025-06-03 12:20:02 ====
==== INICIO EJECUCIÓN METRICS-TO-DB.PHP: 2025-06-03 12:22:01 ====
Conexión a MySQL exitosa.
Nuevos registros insertados en metrics: 2
Nuevos registros insertados en metrics_likes: 1
Inserción completa.
==== FIN EJECUCIÓN METRICS-TO-DB.PHP: 2025-06-03 12:22:01 ====
==== INICIO EJECUCIÓN METRICS-TO-DB.PHP: 2025-06-03 12:24:01 ====
Conexión a MySQL exitosa.
Nuevos registros insertados en metrics: 12
Nuevos registros insertados en metrics_likes: 6
Inserción completa.
==== FIN EJECUCIÓN METRICS-TO-DB.PHP: 2025-06-03 12:24:01 ====
==== INICIO EJECUCIÓN METRICS-TO-DB.PHP: 2025-06-03 12:26:01 ====
Conexión a MySQL exitosa.
Nuevos registros insertados en metrics: 4
Nuevos registros insertados en metrics_likes: 2
Inserción completa.
==== FIN EJECUCIÓN METRICS-TO-DB.PHP: 2025-06-03 12:26:01 ====
==== INICIO EJECUCIÓN METRICS-TO-DB.PHP: 2025-06-03 12:28:01 ====
Conexión a MySQL exitosa.
Nuevos registros insertados en metrics: 2
Nuevos registros insertados en metrics_likes: 1
Inserción completa.
==== FIN EJECUCIÓN METRICS-TO-DB.PHP: 2025-06-03 12:28:01 ====
==== INICIO EJECUCIÓN METRICS-TO-DB.PHP: 2025-06-03 12:30:01 ====
Conexión a MySQL exitosa.
Nuevos registros insertados en metrics: 10
Nuevos registros insertados en metrics_likes: 5
Inserción completa.
==== FIN EJECUCIÓN METRICS-TO-DB.PHP: 2025-06-03 12:30:02 ====
==== INICIO EJECUCIÓN METRICS-TO-DB.PHP: 2025-06-03 12:32:01 ====
Conexión a MySQL exitosa.
Nuevos registros insertados en metrics: 8
Nuevos registros insertados en metrics_likes: 4
Inserción completa.
==== FIN EJECUCIÓN METRICS-TO-DB.PHP: 2025-06-03 12:32:01 ====
==== INICIO EJECUCIÓN METRICS-TO-DB.PHP: 2025-06-03 12:34:01 ====
Conexión a MySQL exitosa.
Nuevos registros insertados en metrics: 6
Nuevos registros insertados en metrics_likes: 3
Inserción completa.
==== FIN EJECUCIÓN METRICS-TO-DB.PHP: 2025-06-03 12:34:01 ====
==== INICIO EJECUCIÓN METRICS-TO-DB.PHP: 2025-06-03 12:36:01 ====
Conexión a MySQL exitosa.
Nuevos registros insertados en metrics: 6
Nuevos registros insertados en metrics_likes: 3
Inserción completa.
==== FIN EJECUCIÓN METRICS-TO-DB.PHP: 2025-06-03 12:36:01 ====
==== INICIO EJECUCIÓN METRICS-TO-DB.PHP: 2025-06-03 12:38:01 ====
Conexión a MySQL exitosa.
Nuevos registros insertados en metrics: 4
Nuevos registros insertados en metrics_likes: 2
Inserción completa.
==== FIN EJECUCIÓN METRICS-TO-DB.PHP: 2025-06-03 12:38:01 ====
==== INICIO EJECUCIÓN METRICS-TO-DB.PHP: 2025-06-03 12:40:01 ====
Conexión a MySQL exitosa.
Nuevos registros insertados en metrics: 0
Nuevos registros insertados en metrics_likes: 0
Inserción completa.
==== FIN EJECUCIÓN METRICS-TO-DB.PHP: 2025-06-03 12:40:02 ====
==== INICIO EJECUCIÓN METRICS-TO-DB.PHP: 2025-06-03 12:42:01 ====
Conexión a MySQL exitosa.
Nuevos registros insertados en metrics: 10
Nuevos registros insertados en metrics_likes: 5
Inserción completa.
==== FIN EJECUCIÓN METRICS-TO-DB.PHP: 2025-06-03 12:42:01 ====
==== INICIO EJECUCIÓN METRICS-TO-DB.PHP: 2025-06-03 12:44:01 ====
Conexión a MySQL exitosa.
Nuevos registros insertados en metrics: 4
Nuevos registros insertados en metrics_likes: 2
Inserción completa.
==== FIN EJECUCIÓN METRICS-TO-DB.PHP: 2025-06-03 12:44:01 ====
==== INICIO EJECUCIÓN METRICS-TO-DB.PHP: 2025-06-03 12:46:01 ====
Conexión a MySQL exitosa.
Nuevos registros insertados en metrics: 4
Nuevos registros insertados en metrics_likes: 2
Inserción completa.
==== FIN EJECUCIÓN METRICS-TO-DB.PHP: 2025-06-03 12:46:01 ====
==== INICIO EJECUCIÓN METRICS-TO-DB.PHP: 2025-06-03 12:48:01 ====
Conexión a MySQL exitosa.
Nuevos registros insertados en metrics: 2
Nuevos registros insertados en metrics_likes: 1
Inserción completa.
==== FIN EJECUCIÓN METRICS-TO-DB.PHP: 2025-06-03 12:48:01 ====
==== INICIO EJECUCIÓN METRICS-TO-DB.PHP: 2025-06-03 12:50:01 ====
Conexión a MySQL exitosa.
Nuevos registros insertados en metrics: 6
Nuevos registros insertados en metrics_likes: 3
Inserción completa.
==== FIN EJECUCIÓN METRICS-TO-DB.PHP: 2025-06-03 12:50:02 ====
==== INICIO EJECUCIÓN METRICS-TO-DB.PHP: 2025-06-03 12:52:01 ====
Conexión a MySQL exitosa.
Nuevos registros insertados en metrics: 8
Nuevos registros insertados en metrics_likes: 4
Inserción completa.
==== FIN EJECUCIÓN METRICS-TO-DB.PHP: 2025-06-03 12:52:01 ====
==== INICIO EJECUCIÓN METRICS-TO-DB.PHP: 2025-06-03 12:54:01 ====
Conexión a MySQL exitosa.
Nuevos registros insertados en metrics: 8
Nuevos registros insertados en metrics_likes: 4
Inserción completa.
==== FIN EJECUCIÓN METRICS-TO-DB.PHP: 2025-06-03 12:54:01 ====
==== INICIO EJECUCIÓN METRICS-TO-DB.PHP: 2025-06-03 12:56:01 ====
Conexión a MySQL exitosa.
Nuevos registros insertados en metrics: 4
Nuevos registros insertados en metrics_likes: 2
Inserción completa.
==== FIN EJECUCIÓN METRICS-TO-DB.PHP: 2025-06-03 12:56:01 ====
==== INICIO EJECUCIÓN METRICS-TO-DB.PHP: 2025-06-03 12:58:01 ====
Conexión a MySQL exitosa.
Nuevos registros insertados en metrics: 8
Nuevos registros insertados en metrics_likes: 4
Inserción completa.
==== FIN EJECUCIÓN METRICS-TO-DB.PHP: 2025-06-03 12:58:02 ====
==== INICIO EJECUCIÓN METRICS-TO-DB.PHP: 2025-06-03 13:00:01 ====
Conexión a MySQL exitosa.
Nuevos registros insertados en metrics: 4
Nuevos registros insertados en metrics_likes: 2
Inserción completa.
==== FIN EJECUCIÓN METRICS-TO-DB.PHP: 2025-06-03 13:00:01 ====
==== INICIO EJECUCIÓN METRICS-TO-DB.PHP: 2025-06-03 13:02:01 ====
Conexión a MySQL exitosa.
Nuevos registros insertados en metrics: 2
Nuevos registros insertados en metrics_likes: 1
Inserción completa.
==== FIN EJECUCIÓN METRICS-TO-DB.PHP: 2025-06-03 13:02:01 ====
==== INICIO EJECUCIÓN METRICS-TO-DB.PHP: 2025-06-03 13:04:01 ====
Conexión a MySQL exitosa.
Nuevos registros insertados en metrics: 6
Nuevos registros insertados en metrics_likes: 3
Inserción completa.
==== FIN EJECUCIÓN METRICS-TO-DB.PHP: 2025-06-03 13:04:01 ====
==== INICIO EJECUCIÓN METRICS-TO-DB.PHP: 2025-06-03 13:06:01 ====
Conexión a MySQL exitosa.
Nuevos registros insertados en metrics: 2
Nuevos registros insertados en metrics_likes: 1
Inserción completa.
==== FIN EJECUCIÓN METRICS-TO-DB.PHP: 2025-06-03 13:06:02 ====
==== INICIO EJECUCIÓN METRICS-TO-DB.PHP: 2025-06-03 13:08:01 ====
Conexión a MySQL exitosa.
Nuevos registros insertados en metrics: 10
Nuevos registros insertados en metrics_likes: 5
Inserción completa.
==== FIN EJECUCIÓN METRICS-TO-DB.PHP: 2025-06-03 13:08:01 ====
==== INICIO EJECUCIÓN METRICS-TO-DB.PHP: 2025-06-03 13:10:01 ====
Conexión a MySQL exitosa.
Nuevos registros insertados en metrics: 10
Nuevos registros insertados en metrics_likes: 5
Inserción completa.
==== FIN EJECUCIÓN METRICS-TO-DB.PHP: 2025-06-03 13:10:01 ====
==== INICIO EJECUCIÓN METRICS-TO-DB.PHP: 2025-06-03 13:12:01 ====
Conexión a MySQL exitosa.
Nuevos registros insertados en metrics: 12
Nuevos registros insertados en metrics_likes: 6
Inserción completa.
==== FIN EJECUCIÓN METRICS-TO-DB.PHP: 2025-06-03 13:12:02 ====
==== INICIO EJECUCIÓN METRICS-TO-DB.PHP: 2025-06-03 13:14:01 ====
Conexión a MySQL exitosa.
Nuevos registros insertados en metrics: 8
Nuevos registros insertados en metrics_likes: 4
Inserción completa.
==== FIN EJECUCIÓN METRICS-TO-DB.PHP: 2025-06-03 13:14:01 ====
==== INICIO EJECUCIÓN METRICS-TO-DB.PHP: 2025-06-03 13:16:01 ====
Conexión a MySQL exitosa.
Nuevos registros insertados en metrics: 8
Nuevos registros insertados en metrics_likes: 4
Inserción completa.
==== FIN EJECUCIÓN METRICS-TO-DB.PHP: 2025-06-03 13:16:01 ====
==== INICIO EJECUCIÓN METRICS-TO-DB.PHP: 2025-06-03 13:18:01 ====
Conexión a MySQL exitosa.
Nuevos registros insertados en metrics: 6
Nuevos registros insertados en metrics_likes: 3
Inserción completa.
==== FIN EJECUCIÓN METRICS-TO-DB.PHP: 2025-06-03 13:18:02 ====
==== INICIO EJECUCIÓN METRICS-TO-DB.PHP: 2025-06-03 13:20:01 ====
Conexión a MySQL exitosa.
Nuevos registros insertados en metrics: 4
Nuevos registros insertados en metrics_likes: 2
Inserción completa.
==== FIN EJECUCIÓN METRICS-TO-DB.PHP: 2025-06-03 13:20:01 ====
==== INICIO EJECUCIÓN METRICS-TO-DB.PHP: 2025-06-03 13:22:01 ====
Conexión a MySQL exitosa.
Nuevos registros insertados en metrics: 2
Nuevos registros insertados en metrics_likes: 1
Inserción completa.
==== FIN EJECUCIÓN METRICS-TO-DB.PHP: 2025-06-03 13:22:01 ====
==== INICIO EJECUCIÓN METRICS-TO-DB.PHP: 2025-06-03 13:24:01 ====
Conexión a MySQL exitosa.
Nuevos registros insertados en metrics: 2
Nuevos registros insertados en metrics_likes: 1
Inserción completa.
==== FIN EJECUCIÓN METRICS-TO-DB.PHP: 2025-06-03 13:24:02 ====
==== INICIO EJECUCIÓN METRICS-TO-DB.PHP: 2025-06-03 13:26:01 ====
Conexión a MySQL exitosa.
Nuevos registros insertados en metrics: 6
Nuevos registros insertados en metrics_likes: 3
Inserción completa.
==== FIN EJECUCIÓN METRICS-TO-DB.PHP: 2025-06-03 13:26:01 ====
==== INICIO EJECUCIÓN METRICS-TO-DB.PHP: 2025-06-03 13:28:01 ====
Conexión a MySQL exitosa.
Nuevos registros insertados en metrics: 2
Nuevos registros insertados en metrics_likes: 1
Inserción completa.
==== FIN EJECUCIÓN METRICS-TO-DB.PHP: 2025-06-03 13:28:01 ====
==== INICIO EJECUCIÓN METRICS-TO-DB.PHP: 2025-06-03 13:30:01 ====
Conexión a MySQL exitosa.
Nuevos registros insertados en metrics: 6
Nuevos registros insertados en metrics_likes: 3
Inserción completa.
==== FIN EJECUCIÓN METRICS-TO-DB.PHP: 2025-06-03 13:30:01 ====
==== INICIO EJECUCIÓN METRICS-TO-DB.PHP: 2025-06-03 13:32:02 ====
Conexión a MySQL exitosa.
Nuevos registros insertados en metrics: 0
Nuevos registros insertados en metrics_likes: 0
Inserción completa.
==== FIN EJECUCIÓN METRICS-TO-DB.PHP: 2025-06-03 13:32:02 ====
==== INICIO EJECUCIÓN METRICS-TO-DB.PHP: 2025-06-03 13:34:01 ====
Conexión a MySQL exitosa.
Nuevos registros insertados en metrics: 0
Nuevos registros insertados en metrics_likes: 0
Inserción completa.
==== FIN EJECUCIÓN METRICS-TO-DB.PHP: 2025-06-03 13:34:01 ====
==== INICIO EJECUCIÓN METRICS-TO-DB.PHP: 2025-06-03 13:36:01 ====
Conexión a MySQL exitosa.
Nuevos registros insertados en metrics: 0
Nuevos registros insertados en metrics_likes: 0
Inserción completa.
==== FIN EJECUCIÓN METRICS-TO-DB.PHP: 2025-06-03 13:36:01 ====
==== INICIO EJECUCIÓN METRICS-TO-DB.PHP: 2025-06-03 13:38:01 ====
Conexión a MySQL exitosa.
Nuevos registros insertados en metrics: 0
Nuevos registros insertados en metrics_likes: 0
Inserción completa.
==== FIN EJECUCIÓN METRICS-TO-DB.PHP: 2025-06-03 13:38:02 ====
==== INICIO EJECUCIÓN METRICS-TO-DB.PHP: 2025-06-03 13:40:01 ====
Conexión a MySQL exitosa.
Nuevos registros insertados en metrics: 0
Nuevos registros insertados en metrics_likes: 0
Inserción completa.
==== FIN EJECUCIÓN METRICS-TO-DB.PHP: 2025-06-03 13:40:01 ====
==== INICIO EJECUCIÓN METRICS-TO-DB.PHP: 2025-06-03 13:42:01 ====
Conexión a MySQL exitosa.
Nuevos registros insertados en metrics: 0
Nuevos registros insertados en metrics_likes: 0
Inserción completa.
==== FIN EJECUCIÓN METRICS-TO-DB.PHP: 2025-06-03 13:42:01 ====
==== INICIO EJECUCIÓN METRICS-TO-DB.PHP: 2025-06-03 13:44:01 ====
Conexión a MySQL exitosa.
Nuevos registros insertados en metrics: 0
Nuevos registros insertados en metrics_likes: 0
Inserción completa.
==== FIN EJECUCIÓN METRICS-TO-DB.PHP: 2025-06-03 13:44:01 ====
==== INICIO EJECUCIÓN METRICS-TO-DB.PHP: 2025-06-03 13:46:01 ====
Conexión a MySQL exitosa.
Nuevos registros insertados en metrics: 0
Nuevos registros insertados en metrics_likes: 0
Inserción completa.
==== FIN EJECUCIÓN METRICS-TO-DB.PHP: 2025-06-03 13:46:02 ====
==== INICIO EJECUCIÓN METRICS-TO-DB.PHP: 2025-06-03 16:56:01 ====
Conexión a MySQL exitosa.
Nuevos registros insertados en metrics: 0
Nuevos registros insertados en metrics_likes: 0
Inserción completa.
==== FIN EJECUCIÓN METRICS-TO-DB.PHP: 2025-06-03 16:56:01 ====
==== INICIO EJECUCIÓN METRICS-TO-DB.PHP: 2025-06-03 16:58:01 ====
Conexión a MySQL exitosa.
Nuevos registros insertados en metrics: 0
Nuevos registros insertados en metrics_likes: 0
Inserción completa.
==== FIN EJECUCIÓN METRICS-TO-DB.PHP: 2025-06-03 16:58:01 ====
==== INICIO EJECUCIÓN METRICS-TO-DB.PHP: 2025-06-03 17:00:01 ====
Conexión a MySQL exitosa.
Nuevos registros insertados en metrics: 0
Nuevos registros insertados en metrics_likes: 0
Inserción completa.
==== FIN EJECUCIÓN METRICS-TO-DB.PHP: 2025-06-03 17:00:02 ====
==== INICIO EJECUCIÓN METRICS-TO-DB.PHP: 2025-06-03 17:10:01 ====
Conexión a MySQL exitosa.
Nuevos registros insertados en metrics: 22
Nuevos registros insertados en metrics_likes: 11
Inserción completa.
==== FIN EJECUCIÓN METRICS-TO-DB.PHP: 2025-06-03 17:10:01 ====
==== INICIO EJECUCIÓN METRICS-TO-DB.PHP: 2025-06-03 17:20:01 ====
Conexión a MySQL exitosa.
Nuevos registros insertados en metrics: 38
Nuevos registros insertados en metrics_likes: 19
Inserción completa.
==== FIN EJECUCIÓN METRICS-TO-DB.PHP: 2025-06-03 17:20:02 ====
==== INICIO EJECUCIÓN METRICS-TO-DB.PHP: 2025-06-03 17:30:01 ====
Conexión a MySQL exitosa.
Nuevos registros insertados en metrics: 26
Nuevos registros insertados en metrics_likes: 13
Inserción completa.
==== FIN EJECUCIÓN METRICS-TO-DB.PHP: 2025-06-03 17:30:01 ====
==== INICIO EJECUCIÓN METRICS-TO-DB.PHP: 2025-06-03 17:40:01 ====
Conexión a MySQL exitosa.
Nuevos registros insertados en metrics: 18
Nuevos registros insertados en metrics_likes: 9
Inserción completa.
==== FIN EJECUCIÓN METRICS-TO-DB.PHP: 2025-06-03 17:40:02 ====
