Error de conexi贸n: SQLSTATE[HY000] [2002] php_network_getaddresses: getaddrinfo for IP_DEL_SERVIDOR_MYSQL failed: Temporary failure in name resolution
Conexi贸n a MySQL exitosa.
Archivo no encontrado: metrics_likes.log
Inserci贸n completa.
Conexi贸n a MySQL exitosa.
Insertado en metrics: 2025-06-03 09:36:51 - fruit 0
Insertado en metrics: 2025-06-03 09:36:55 - fruit 0
Insertado en metrics: 2025-06-03 09:38:48 - fruit 0
Insertado en metrics: 2025-06-03 09:38:53 - fruit 0
Insertado en metrics: 2025-06-03 09:40:08 - flappy 0
Insertado en metrics: 2025-06-03 09:40:16 - flappy 0
Insertado en metrics: 2025-06-03 09:40:36 - flappy 0
Insertado en metrics: 2025-06-03 09:40:42 - flappy 0
Insertado en metrics: 2025-06-03 09:41:47 - fruit 0
Insertado en metrics: 2025-06-03 09:41:53 - fruit 0
Insertado en metrics: 2025-06-03 09:43:20 - fruit 0
Insertado en metrics: 2025-06-03 09:43:27 - fruit 0
Insertado en metrics: 2025-06-03 09:44:37 - fruit 0
Insertado en metrics: 2025-06-03 09:44:46 - fruit 0
Insertado en metrics: 2025-06-03 10:00:04 - fruit 0
Insertado en metrics: 2025-06-03 10:00:05 - fruit 0
Insertado en metrics: 2025-06-03 10:00:08 - flappy 0
Insertado en metrics: 2025-06-03 10:00:17 - flappy 0
Insertado en metrics: 2025-06-03 10:00:11 - flappy 0
Insertado en metrics: 2025-06-03 10:00:21 - flappy 0
Insertado en metrics: 2025-06-03 10:00:13 - fruit 0
Insertado en metrics: 2025-06-03 10:00:15 - fruit 0
Insertado en metrics: 2025-06-03 10:00:19 - fruit 0
Insertado en metrics: 2025-06-03 10:00:17 - fruit 0
Insertado en metrics: 2025-06-03 10:00:16 - flappy 0
Insertado en metrics: 2025-06-03 10:00:25 - flappy 0
Insertado en metrics: 2025-06-03 10:00:33 - flappy 0
Insertado en metrics: 2025-06-03 10:00:38 - flappy 0
Insertado en metrics: 2025-06-03 10:00:50 - flappy 0
Insertado en metrics: 2025-06-03 10:00:58 - flappy 0
Insertado en metrics: 2025-06-03 10:00:52 - flappy 0
Insertado en metrics: 2025-06-03 10:01:05 - flappy 0
Insertado en metrics: 2025-06-03 10:01:15 - flappy 0
Insertado en metrics: 2025-06-03 10:01:06 - flappy 0
Insertado en metrics: 2025-06-03 10:01:11 - flappy 0
Insertado en metrics: 2025-06-03 10:01:09 - fruit 0
Insertado en metrics: 2025-06-03 10:01:11 - fruit 0
Insertado en metrics: 2025-06-03 10:01:36 - flappy 0
Insertado en metrics: 2025-06-03 10:01:45 - flappy 0
Insertado en metrics: 2025-06-03 10:01:37 - flappy 0
Insertado en metrics: 2025-06-03 10:01:43 - flappy 0
Insertado en metrics: 2025-06-03 10:01:46 - flappy 0
Insertado en metrics: 2025-06-03 10:01:49 - flappy 0
Insertado en metrics: 2025-06-03 10:01:47 - flappy 0
Insertado en metrics: 2025-06-03 10:01:56 - flappy 0
Insertado en metrics: 2025-06-03 10:01:55 - flappy 0
Insertado en metrics: 2025-06-03 10:02:05 - flappy 0
Insertado en metrics: 2025-06-03 10:02:01 - flappy 0
Insertado en metrics: 2025-06-03 10:02:13 - flappy 0
Insertado en metrics: 2025-06-03 10:02:16 - flappy 0
Insertado en metrics: 2025-06-03 10:02:26 - fruit 0
Insertado en metrics: 2025-06-03 10:02:31 - fruit 0
Insertado en metrics: 2025-06-03 10:02:27 - flappy 0
Insertado en metrics: 2025-06-03 10:02:37 - flappy 0
Insertado en metrics: 2025-06-03 10:02:33 - flappy 0
Insertado en metrics: 2025-06-03 10:02:41 - flappy 0
Insertado en metrics: 2025-06-03 10:02:35 - flappy 0
Insertado en metrics: 2025-06-03 10:02:42 - flappy 0
Insertado en metrics: 2025-06-03 10:02:36 - fruit 0
Insertado en metrics: 2025-06-03 10:02:37 - fruit 0
Insertado en metrics: 2025-06-03 10:02:58 - flappy 0
Insertado en metrics: 2025-06-03 10:03:06 - flappy 0
Insertado en metrics: 2025-06-03 10:03:03 - flappy 0
Insertado en metrics: 2025-06-03 10:03:11 - flappy 0
Insertado en metrics: 2025-06-03 10:03:04 - flappy 0
Insertado en metrics: 2025-06-03 10:03:12 - flappy 0
Insertado en metrics: 2025-06-03 10:03:15 - flappy 0
Insertado en metrics: 2025-06-03 10:03:16 - fruit 0
Insertado en metrics: 2025-06-03 10:03:20 - fruit 0
Insertado en metrics: 2025-06-03 10:03:21 - flappy 0
Insertado en metrics: 2025-06-03 10:03:26 - flappy 0
Insertado en metrics: 2025-06-03 10:03:47 - flappy 0
Insertado en metrics: 2025-06-03 10:03:50 - flappy 0
Insertado en metrics: 2025-06-03 10:03:56 - flappy 0
Insertado en metrics: 2025-06-03 10:04:02 - flappy 0
Insertado en metrics: 2025-06-03 10:04:03 - flappy 0
Insertado en metrics: 2025-06-03 10:04:04 - flappy 0
Insertado en metrics: 2025-06-03 10:04:14 - fruit 0
Insertado en metrics: 2025-06-03 10:04:19 - fruit 0
Insertado en metrics: 2025-06-03 10:04:24 - flappy 0
Insertado en metrics: 2025-06-03 10:04:28 - flappy 0
Insertado en metrics: 2025-06-03 10:04:29 - flappy 0
Insertado en metrics: 2025-06-03 10:04:36 - flappy 0
Insertado en metrics: 2025-06-03 10:04:45 - flappy 0
Insertado en metrics: 2025-06-03 10:04:55 - flappy 0
Insertado en metrics: 2025-06-03 10:04:47 - fruit 0
Insertado en metrics: 2025-06-03 10:04:49 - fruit 0
Insertado en metrics: 2025-06-03 10:04:56 - flappy 0
Insertado en metrics: 2025-06-03 10:04:59 - flappy 0
Insertado en metrics: 2025-06-03 10:05:06 - flappy 0
Insertado en metrics: 2025-06-03 10:05:00 - flappy 0
Insertado en metrics: 2025-06-03 10:05:03 - flappy 0
Insertado en metrics: 2025-06-03 10:05:07 - flappy 0
Insertado en metrics: 2025-06-03 10:05:12 - flappy 0
Insertado en metrics: 2025-06-03 10:05:10 - flappy 0
Insertado en metrics: 2025-06-03 10:05:15 - flappy 0
Insertado en metrics: 2025-06-03 10:05:15 - fruit 0
Insertado en metrics: 2025-06-03 10:05:17 - fruit 0
Insertado en metrics: 2025-06-03 10:05:19 - flappy 0
Insertado en metrics: 2025-06-03 10:05:21 - flappy 0
Insertado en metrics: 2025-06-03 10:05:27 - flappy 0
Insertado en metrics: 2025-06-03 10:05:32 - flappy 0
Insertado en metrics: 2025-06-03 10:05:30 - fruit 0
Insertado en metrics: 2025-06-03 10:05:40 - fruit 0
Insertado en metrics: 2025-06-03 10:05:46 - fruit 0
Insertado en metrics: 2025-06-03 10:05:55 - fruit 0
Insertado en metrics: 2025-06-03 10:05:51 - flappy 0
Insertado en metrics: 2025-06-03 10:05:56 - flappy 0
Insertado en metrics: 2025-06-03 10:05:55 - flappy 0
Insertado en metrics: 2025-06-03 10:06:00 - flappy 0
Insertado en metrics: 2025-06-03 10:06:11 - flappy 0
Insertado en metrics: 2025-06-03 10:06:12 - flappy 0
Insertado en metrics: 2025-06-03 10:06:13 - flappy 0
Insertado en metrics: 2025-06-03 10:06:17 - flappy 0
Insertado en metrics: 2025-06-03 10:06:22 - flappy 0
Insertado en metrics: 2025-06-03 10:06:21 - flappy 0
Insertado en metrics: 2025-06-03 10:06:28 - flappy 0
Insertado en metrics: 2025-06-03 10:06:31 - flappy 0
Insertado en metrics: 2025-06-03 10:06:26 - flappy 0
Insertado en metrics: 2025-06-03 10:06:35 - flappy 0
Insertado en metrics: 2025-06-03 10:06:46 - flappy 0
Insertado en metrics: 2025-06-03 10:06:55 - flappy 0
Insertado en metrics: 2025-06-03 10:06:47 - fruit 0
Insertado en metrics: 2025-06-03 10:06:50 - fruit 0
Insertado en metrics: 2025-06-03 10:06:58 - flappy 0
Insertado en metrics: 2025-06-03 10:07:00 - flappy 0
Insertado en metrics: 2025-06-03 10:06:59 - flappy 0
Insertado en metrics: 2025-06-03 10:07:05 - flappy 0
Insertado en metrics: 2025-06-03 10:07:11 - flappy 0
Insertado en metrics: 2025-06-03 10:07:13 - flappy 0
Insertado en metrics: 2025-06-03 10:07:21 - flappy 0
Insertado en metrics: 2025-06-03 10:07:14 - flappy 0
Insertado en metrics: 2025-06-03 10:07:33 - flappy 0
Insertado en metrics: 2025-06-03 10:07:35 - flappy 0
Insertado en metrics: 2025-06-03 10:07:34 - flappy 0
Insertado en metrics: 2025-06-03 10:07:42 - flappy 0
Insertado en metrics: 2025-06-03 10:07:47 - flappy 0
Insertado en metrics: 2025-06-03 10:07:51 - flappy 0
Insertado en metrics: 2025-06-03 10:07:50 - fruit 0
Insertado en metrics: 2025-06-03 10:07:51 - fruit 0
Insertado en metrics: 2025-06-03 10:08:02 - fruit 0
Insertado en metrics: 2025-06-03 10:08:09 - fruit 0
Insertado en metrics: 2025-06-03 10:08:05 - flappy 0
Insertado en metrics: 2025-06-03 10:08:08 - flappy 0
Insertado en metrics: 2025-06-03 10:08:06 - flappy 0
Insertado en metrics: 2025-06-03 10:08:16 - flappy 0
Insertado en metrics: 2025-06-03 10:08:15 - flappy 0
Insertado en metrics: 2025-06-03 10:08:27 - flappy 0
Insertado en metrics: 2025-06-03 10:08:28 - flappy 0
Insertado en metrics: 2025-06-03 10:08:33 - flappy 0
Insertado en metrics: 2025-06-03 10:08:29 - flappy 0
Insertado en metrics: 2025-06-03 10:08:35 - flappy 0
Insertado en metrics: 2025-06-03 10:08:40 - flappy 0
Insertado en metrics: 2025-06-03 10:08:42 - flappy 0
Insertado en metrics: 2025-06-03 10:09:05 - flappy 0
Insertado en metrics: 2025-06-03 10:09:07 - flappy 0
Insertado en metrics: 2025-06-03 10:09:06 - flappy 0
Insertado en metrics: 2025-06-03 10:09:14 - flappy 0
Insertado en metrics: 2025-06-03 10:09:21 - flappy 0
Insertado en metrics: 2025-06-03 10:09:15 - flappy 0
Insertado en metrics: 2025-06-03 10:09:18 - flappy 0
Insertado en metrics: 2025-06-03 10:09:24 - flappy 0
Insertado en metrics: 2025-06-03 10:09:25 - flappy 0
Insertado en metrics: 2025-06-03 10:09:34 - flappy 0
Insertado en metrics: 2025-06-03 10:09:36 - flappy 0
Insertado en metrics: 2025-06-03 10:09:47 - flappy 0
Insertado en metrics: 2025-06-03 10:09:53 - flappy 0
Insertado en metrics: 2025-06-03 10:09:49 - flappy 0
Insertado en metrics: 2025-06-03 10:09:51 - flappy 0
Insertado en metrics: 2025-06-03 10:09:57 - flappy 0
Insertado en metrics: 2025-06-03 10:09:53 - fruit 0
Insertado en metrics: 2025-06-03 10:09:54 - fruit 0
Insertado en metrics: 2025-06-03 10:09:58 - flappy 0
Insertado en metrics: 2025-06-03 10:10:07 - flappy 0
Insertado en metrics: 2025-06-03 10:10:06 - flappy 0
Insertado en metrics: 2025-06-03 10:10:08 - flappy 0
Insertado en metrics: 2025-06-03 10:10:14 - flappy 0
Insertado en metrics: 2025-06-03 10:10:12 - flappy 0
Insertado en metrics: 2025-06-03 10:10:21 - flappy 0
Insertado en metrics: 2025-06-03 10:10:18 - fruit 0
Insertado en metrics: 2025-06-03 10:10:19 - fruit 0
Insertado en metrics: 2025-06-03 10:10:18 - flappy 0
Insertado en metrics: 2025-06-03 10:10:23 - flappy 0
Insertado en metrics: 2025-06-03 10:10:20 - flappy 0
Insertado en metrics: 2025-06-03 10:10:28 - flappy 0
Insertado en metrics: 2025-06-03 10:10:22 - flappy 0
Insertado en metrics: 2025-06-03 10:10:27 - flappy 0
Insertado en metrics: 2025-06-03 10:10:33 - flappy 0
Insertado en metrics: 2025-06-03 10:10:40 - flappy 0
Insertado en metrics: 2025-06-03 10:10:46 - flappy 0
Insertado en metrics: 2025-06-03 10:10:56 - flappy 0
Insertado en metrics: 2025-06-03 10:10:59 - flappy 0
Insertado en metrics: 2025-06-03 10:11:09 - flappy 0
Insertado en metrics: 2025-06-03 10:11:15 - fruit 0
Insertado en metrics: 2025-06-03 10:11:16 - fruit 0
Insertado en metrics: 2025-06-03 10:11:19 - flappy 0
Insertado en metrics: 2025-06-03 10:11:23 - flappy 0
Insertado en metrics: 2025-06-03 10:11:29 - flappy 0
Insertado en metrics: 2025-06-03 10:11:38 - flappy 0
Insertado en metrics: 2025-06-03 10:11:48 - flappy 0
Insertado en metrics: 2025-06-03 10:11:52 - flappy 0
Insertado en metrics: 2025-06-03 10:11:51 - fruit 0
Insertado en metrics: 2025-06-03 10:11:53 - fruit 0
Insertado en metrics: 2025-06-03 10:11:54 - flappy 0
Insertado en metrics: 2025-06-03 10:11:57 - flappy 0
Insertado en metrics: 2025-06-03 10:11:59 - flappy 0
Insertado en metrics: 2025-06-03 10:12:02 - flappy 0
Insertado en metrics: 2025-06-03 10:12:01 - flappy 0
Insertado en metrics: 2025-06-03 10:12:08 - flappy 0
Insertado en metrics: 2025-06-03 10:12:02 - fruit 0
Insertado en metrics: 2025-06-03 10:12:03 - fruit 0
Insertado en metrics: 2025-06-03 10:12:12 - flappy 0
Insertado en metrics: 2025-06-03 10:12:13 - flappy 0
Insertado en metrics: 2025-06-03 10:12:28 - flappy 0
Insertado en metrics: 2025-06-03 10:12:37 - flappy 0
Insertado en metrics: 2025-06-03 10:12:31 - fruit 0
Insertado en metrics: 2025-06-03 10:12:33 - fruit 0
Insertado en metrics: 2025-06-03 10:12:39 - fruit 0
Insertado en metrics: 2025-06-03 10:12:41 - fruit 0
Insertado en metrics: 2025-06-03 10:13:04 - fruit 0
Insertado en metrics: 2025-06-03 10:13:08 - fruit 0
Insertado en metrics: 2025-06-03 10:13:10 - fruit 0
Insertado en metrics: 2025-06-03 10:13:19 - fruit 0
Insertado en metrics: 2025-06-03 10:13:11 - fruit 0
Insertado en metrics: 2025-06-03 10:13:14 - fruit 0
Insertado en metrics: 2025-06-03 10:13:20 - fruit 0
Insertado en metrics: 2025-06-03 10:13:22 - fruit 0
Insertado en metrics: 2025-06-03 10:13:26 - fruit 0
Insertado en metrics: 2025-06-03 10:13:35 - fruit 0
Insertado en metrics: 2025-06-03 10:13:42 - fruit 0
Insertado en metrics: 2025-06-03 10:13:48 - fruit 0
Insertado en metrics: 2025-06-03 10:14:01 - fruit 0
Insertado en metrics: 2025-06-03 10:14:07 - fruit 0
Insertado en metrics: 2025-06-03 10:14:18 - flappy 0
Insertado en metrics: 2025-06-03 10:14:27 - flappy 0
Insertado en metrics: 2025-06-03 10:14:22 - flappy 0
Insertado en metrics: 2025-06-03 10:14:32 - flappy 0
Insertado en metrics: 2025-06-03 10:14:33 - fruit 0
Insertado en metrics: 2025-06-03 10:14:41 - fruit 0
Insertado en metrics: 2025-06-03 10:14:44 - flappy 0
Insertado en metrics: 2025-06-03 10:14:53 - flappy 0
Insertado en metrics: 2025-06-03 10:14:45 - fruit 0
Insertado en metrics: 2025-06-03 10:14:49 - fruit 0
Insertado en metrics: 2025-06-03 10:15:02 - fruit 0
Insertado en metrics: 2025-06-03 10:15:07 - fruit 0
Insertado en metrics: 2025-06-03 10:15:16 - flappy 0
Insertado en metrics: 2025-06-03 10:15:19 - flappy 0
Insertado en metrics: 2025-06-03 10:15:32 - fruit 0
Insertado en metrics: 2025-06-03 10:15:36 - fruit 0
Insertado en metrics: 2025-06-03 10:15:39 - flappy 0
Insertado en metrics: 2025-06-03 10:15:40 - flappy 0
Insertado en metrics: 2025-06-03 10:15:43 - fruit 0
Insertado en metrics: 2025-06-03 10:15:49 - fruit 0
Insertado en metrics: 2025-06-03 10:15:50 - flappy 0
Insertado en metrics: 2025-06-03 10:15:58 - flappy 0
Insertado en metrics: 2025-06-03 10:16:06 - flappy 0
Insertado en metrics: 2025-06-03 10:16:10 - flappy 0
Insertado en metrics: 2025-06-03 10:16:07 - flappy 0
Insertado en metrics: 2025-06-03 10:16:13 - flappy 0
Insertado en metrics: 2025-06-03 10:16:26 - fruit 0
Insertado en metrics: 2025-06-03 10:16:34 - fruit 0
Insertado en metrics: 2025-06-03 10:16:27 - fruit 0
Insertado en metrics: 2025-06-03 10:16:31 - fruit 0
Insertado en metrics: 2025-06-03 10:16:32 - fruit 0
Insertado en metrics: 2025-06-03 10:16:33 - fruit 0
Insertado en metrics: 2025-06-03 10:16:39 - fruit 0
Insertado en metrics: 2025-06-03 10:16:35 - fruit 0
Insertado en metrics: 2025-06-03 10:16:40 - fruit 0
Insertado en metrics: 2025-06-03 10:16:43 - fruit 0
Insertado en metrics: 2025-06-03 10:16:49 - fruit 0
Insertado en metrics: 2025-06-03 10:16:50 - fruit 0
Insertado en metrics: 2025-06-03 10:16:51 - fruit 0
Insertado en metrics: 2025-06-03 10:16:52 - fruit 0
Insertado en metrics: 2025-06-03 10:16:58 - fruit 0
Insertado en metrics: 2025-06-03 10:17:37 - fruit 0
Insertado en metrics: 2025-06-03 10:17:39 - fruit 0
Insertado en metrics: 2025-06-03 10:17:47 - flappy 0
Insertado en metrics: 2025-06-03 10:17:56 - flappy 0
Insertado en metrics: 2025-06-03 10:17:48 - flappy 0
Insertado en metrics: 2025-06-03 10:17:51 - flappy 0
Insertado en metrics: 2025-06-03 10:17:58 - flappy 0
Insertado en metrics: 2025-06-03 10:18:02 - flappy 0
Insertado en metrics: 2025-06-03 10:18:06 - fruit 0
Insertado en metrics: 2025-06-03 10:18:13 - fruit 0
Insertado en metrics: 2025-06-03 10:18:11 - fruit 0
Insertado en metrics: 2025-06-03 10:18:20 - fruit 0
Insertado en metrics: 2025-06-03 10:18:30 - fruit 0
Insertado en metrics: 2025-06-03 10:18:40 - fruit 0
Insertado en metrics: 2025-06-03 10:19:02 - fruit 0
Insertado en metrics: 2025-06-03 10:19:10 - fruit 0
Insertado en metrics: 2025-06-03 10:19:03 - fruit 0
Insertado en metrics: 2025-06-03 10:19:07 - fruit 0
Insertado en metrics: 2025-06-03 10:19:05 - fruit 0
Insertado en metrics: 2025-06-03 10:19:13 - fruit 0
Insertado en metrics: 2025-06-03 10:19:21 - fruit 0
Insertado en metrics: 2025-06-03 10:19:30 - fruit 0
Insertado en metrics: 2025-06-03 10:19:50 - flappy 0
Insertado en metrics: 2025-06-03 10:19:57 - flappy 0
Insertado en metrics: 2025-06-03 10:20:08 - flappy 0
Insertado en metrics: 2025-06-03 10:20:10 - flappy 0
Insertado en metrics: 2025-06-03 10:20:13 - fruit 0
Insertado en metrics: 2025-06-03 10:20:19 - fruit 0
Insertado en metrics: 2025-06-03 10:20:17 - fruit 0
Insertado en metrics: 2025-06-03 10:20:22 - fruit 0
Insertado en metrics: 2025-06-03 10:20:41 - flappy 0
Insertado en metrics: 2025-06-03 10:20:48 - flappy 0
Insertado en metrics: 2025-06-03 10:20:45 - fruit 0
Insertado en metrics: 2025-06-03 10:20:52 - fruit 0
Insertado en metrics: 2025-06-03 10:20:54 - flappy 0
Insertado en metrics: 2025-06-03 10:21:04 - flappy 0
Insertado en metrics: 2025-06-03 10:20:59 - fruit 0
Insertado en metrics: 2025-06-03 10:21:00 - fruit 0
Insertado en metrics: 2025-06-03 10:21:06 - fruit 0
Insertado en metrics: 2025-06-03 10:21:08 - fruit 0
Insertado en metrics: 2025-06-03 10:21:26 - flappy 0
Insertado en metrics: 2025-06-03 10:21:28 - flappy 0
Insertado en metrics: 2025-06-03 10:21:33 - flappy 0
Insertado en metrics: 2025-06-03 10:21:51 - flappy 0
Insertado en metrics: 2025-06-03 10:22:01 - flappy 0
Insertado en metrics: 2025-06-03 10:21:58 - flappy 0
Insertado en metrics: 2025-06-03 10:22:14 - flappy 0
Insertado en metrics: 2025-06-03 10:22:18 - flappy 0
Insertado en metrics: 2025-06-03 10:22:17 - flappy 0
Insertado en metrics: 2025-06-03 10:22:26 - flappy 0
Insertado en metrics: 2025-06-03 10:22:22 - flappy 0
Insertado en metrics: 2025-06-03 10:22:23 - flappy 0
Insertado en metrics: 2025-06-03 10:22:20 - fruit 0
Insertado en metrics: 2025-06-03 10:22:22 - fruit 0
Insertado en metrics: 2025-06-03 10:22:27 - flappy 0
Insertado en metrics: 2025-06-03 10:22:32 - flappy 0
Insertado en metrics: 2025-06-03 10:22:31 - flappy 0
Insertado en metrics: 2025-06-03 10:22:38 - flappy 0
Insertado en metrics: 2025-06-03 10:22:42 - flappy 0
Insertado en metrics: 2025-06-03 10:22:34 - flappy 0
Insertado en metrics: 2025-06-03 10:22:41 - flappy 0
Insertado en metrics: 2025-06-03 10:22:50 - flappy 0
Insertado en metrics: 2025-06-03 10:22:45 - flappy 0
Insertado en metrics: 2025-06-03 10:22:53 - flappy 0
Insertado en metrics: 2025-06-03 10:22:46 - flappy 0
Insertado en metrics: 2025-06-03 10:22:52 - flappy 0
Insertado en metrics: 2025-06-03 10:22:55 - flappy 0
Insertado en metrics: 2025-06-03 10:23:03 - flappy 0
Insertado en metrics: 2025-06-03 10:23:07 - flappy 0
Insertado en metrics: 2025-06-03 10:23:08 - flappy 0
Insertado en metrics: 2025-06-03 10:23:33 - fruit 0
Insertado en metrics: 2025-06-03 10:23:42 - fruit 0
Insertado en metrics: 2025-06-03 10:23:42 - flappy 0
Insertado en metrics: 2025-06-03 10:23:43 - flappy 0
Insertado en metrics: 2025-06-03 10:23:48 - fruit 0
Insertado en metrics: 2025-06-03 10:23:52 - fruit 0
Insertado en metrics: 2025-06-03 10:23:53 - flappy 0
Insertado en metrics: 2025-06-03 10:23:55 - flappy 0
Insertado en metrics: 2025-06-03 10:24:09 - flappy 0
Insertado en metrics: 2025-06-03 10:24:16 - flappy 0
Insertado en metrics: 2025-06-03 10:24:25 - flappy 0
Insertado en metrics: 2025-06-03 10:24:28 - flappy 0
Insertado en metrics: 2025-06-03 10:24:27 - flappy 0
Insertado en metrics: 2025-06-03 10:24:34 - flappy 0
Insertado en metrics: 2025-06-03 10:24:41 - flappy 0
Insertado en metrics: 2025-06-03 10:24:51 - flappy 0
Insertado en metrics: 2025-06-03 10:24:46 - flappy 0
Insertado en metrics: 2025-06-03 10:24:56 - flappy 0
Insertado en metrics: 2025-06-03 10:24:52 - flappy 0
Insertado en metrics: 2025-06-03 10:24:57 - flappy 0
Insertado en metrics: 2025-06-03 10:25:09 - flappy 0
Insertado en metrics: 2025-06-03 10:25:11 - flappy 0
Insertado en metrics: 2025-06-03 10:25:12 - flappy 0
Insertado en metrics: 2025-06-03 10:25:13 - flappy 0
Insertado en metrics: 2025-06-03 10:25:14 - flappy 0
Insertado en metrics: 2025-06-03 10:25:23 - flappy 0
Insertado en metrics: 2025-06-03 10:25:21 - flappy 0
Insertado en metrics: 2025-06-03 10:25:24 - flappy 0
Insertado en metrics: 2025-06-03 10:25:25 - fruit 0
Insertado en metrics: 2025-06-03 10:25:31 - fruit 0
Insertado en metrics: 2025-06-03 10:25:29 - fruit 0
Insertado en metrics: 2025-06-03 10:25:34 - fruit 0
Insertado en metrics: 2025-06-03 10:25:31 - flappy 0
Insertado en metrics: 2025-06-03 10:25:38 - flappy 0
Insertado en metrics: 2025-06-03 10:25:33 - flappy 0
Insertado en metrics: 2025-06-03 10:25:43 - flappy 0
Insertado en metrics: 2025-06-03 10:25:48 - flappy 0
Insertado en metrics: 2025-06-03 10:25:41 - flappy 0
Insertado en metrics: 2025-06-03 10:25:45 - flappy 0
Insertado en metrics: 2025-06-03 10:25:52 - flappy 0
Insertado en metrics: 2025-06-03 10:26:03 - flappy 0
Insertado en metrics: 2025-06-03 10:26:13 - flappy 0
Insertado en metrics: 2025-06-03 10:26:09 - flappy 0
Insertado en metrics: 2025-06-03 10:26:12 - flappy 0
Insertado en metrics: 2025-06-03 10:26:10 - flappy 0
Insertado en metrics: 2025-06-03 10:26:17 - flappy 0
Insertado en metrics: 2025-06-03 10:26:21 - fruit 0
Insertado en metrics: 2025-06-03 10:26:29 - fruit 0
Insertado en metrics: 2025-06-03 10:26:28 - flappy 0
Insertado en metrics: 2025-06-03 10:26:37 - flappy 0
Insertado en metrics: 2025-06-03 10:26:30 - flappy 0
Insertado en metrics: 2025-06-03 10:26:31 - flappy 0
Insertado en metrics: 2025-06-03 10:26:34 - flappy 0
Insertado en metrics: 2025-06-03 10:26:45 - flappy 0
Insertado en metrics: 2025-06-03 10:26:52 - flappy 0
Insertado en metrics: 2025-06-03 10:26:59 - flappy 0
Insertado en metrics: 2025-06-03 10:26:55 - flappy 0
Insertado en metrics: 2025-06-03 10:27:06 - flappy 0
Insertado en metrics: 2025-06-03 10:27:10 - flappy 0
Insertado en metrics: 2025-06-03 10:27:24 - flappy 0
Insertado en metrics: 2025-06-03 10:27:33 - flappy 0
Insertado en metrics: 2025-06-03 10:27:26 - fruit 0
Insertado en metrics: 2025-06-03 10:27:34 - fruit 0
Insertado en metrics: 2025-06-03 10:27:27 - flappy 0
Insertado en metrics: 2025-06-03 10:27:31 - flappy 0
Insertado en metrics: 2025-06-03 10:27:47 - flappy 0
Insertado en metrics: 2025-06-03 10:27:55 - flappy 0
Insertado en metrics: 2025-06-03 10:28:04 - flappy 0
Insertado en metrics: 2025-06-03 10:27:57 - flappy 0
Insertado en metrics: 2025-06-03 10:28:00 - flappy 0
Insertado en metrics: 2025-06-03 10:27:58 - flappy 0
Insertado en metrics: 2025-06-03 10:27:59 - flappy 0
Insertado en metrics: 2025-06-03 10:28:07 - flappy 0
Insertado en metrics: 2025-06-03 10:28:06 - flappy 0
Insertado en metrics: 2025-06-03 10:28:12 - flappy 0
Insertado en metrics: 2025-06-03 10:28:25 - flappy 0
Insertado en metrics: 2025-06-03 10:28:29 - flappy 0
Insertado en metrics: 2025-06-03 10:28:28 - fruit 0
Insertado en metrics: 2025-06-03 10:28:36 - fruit 0
Insertado en metrics: 2025-06-03 10:28:40 - flappy 0
Insertado en metrics: 2025-06-03 10:28:45 - flappy 0
Insertado en metrics: 2025-06-03 10:28:43 - flappy 0
Insertado en metrics: 2025-06-03 10:28:51 - flappy 0
Insertado en metrics: 2025-06-03 10:28:47 - flappy 0
Insertado en metrics: 2025-06-03 10:28:53 - fruit 0
Insertado en metrics: 2025-06-03 10:28:56 - fruit 0
Insertado en metrics: 2025-06-03 10:28:59 - flappy 0
Insertado en metrics: 2025-06-03 10:29:09 - flappy 0
Insertado en metrics: 2025-06-03 10:29:01 - flappy 0
Insertado en metrics: 2025-06-03 10:29:03 - flappy 0
Insertado en metrics: 2025-06-03 10:29:02 - flappy 0
Insertado en metrics: 2025-06-03 10:29:06 - flappy 0
Insertado en metrics: 2025-06-03 10:29:04 - flappy 0
Insertado en metrics: 2025-06-03 10:29:07 - flappy 0
Insertado en metrics: 2025-06-03 10:29:14 - flappy 0
Insertado en metrics: 2025-06-03 10:29:22 - flappy 0
Insertado en metrics: 2025-06-03 10:29:31 - flappy 0
Insertado en metrics: 2025-06-03 10:29:26 - flappy 0
Insertado en metrics: 2025-06-03 10:29:30 - flappy 0
Insertado en metrics: 2025-06-03 10:29:38 - flappy 0
Insertado en metrics: 2025-06-03 10:29:46 - flappy 0
Insertado en metrics: 2025-06-03 10:29:40 - fruit 0
Insertado en metrics: 2025-06-03 10:29:44 - fruit 0
Insertado en metrics: 2025-06-03 10:29:53 - flappy 0
Insertado en metrics: 2025-06-03 10:30:08 - fruit 0
Insertado en metrics: 2025-06-03 10:30:18 - fruit 0
Insertado en metrics: 2025-06-03 10:30:16 - flappy 0
Insertado en metrics: 2025-06-03 10:30:26 - flappy 0
Insertado en metrics: 2025-06-03 10:30:37 - flappy 0
Insertado en metrics: 2025-06-03 10:30:47 - flappy 0
Insertado en metrics: 2025-06-03 10:30:43 - flappy 0
Insertado en metrics: 2025-06-03 10:30:52 - flappy 0
Insertado en metrics: 2025-06-03 10:31:01 - fruit 0
Insertado en metrics: 2025-06-03 10:31:06 - fruit 0
Insertado en metrics: 2025-06-03 10:31:03 - flappy 0
Insertado en metrics: 2025-06-03 10:31:12 - flappy 0
Insertado en metrics: 2025-06-03 10:31:07 - flappy 0
Insertado en metrics: 2025-06-03 10:31:17 - flappy 0
Insertado en metrics: 2025-06-03 10:31:13 - flappy 0
Insertado en metrics: 2025-06-03 10:31:16 - flappy 0
Insertado en metrics: 2025-06-03 10:31:14 - fruit 0
Insertado en metrics: 2025-06-03 10:31:17 - fruit 0
Insertado en metrics: 2025-06-03 10:31:14 - flappy 0
Insertado en metrics: 2025-06-03 10:31:19 - flappy 0
Insertado en metrics: 2025-06-03 10:31:21 - flappy 0
Insertado en metrics: 2025-06-03 10:31:23 - flappy 0
Insertado en metrics: 2025-06-03 10:31:48 - flappy 0
Insertado en metrics: 2025-06-03 10:31:52 - flappy 0
Insertado en metrics: 2025-06-03 10:31:55 - fruit 0
Insertado en metrics: 2025-06-03 10:31:56 - fruit 0
Insertado en metrics: 2025-06-03 10:31:58 - flappy 0
Insertado en metrics: 2025-06-03 10:32:06 - flappy 0
Insertado en metrics: 2025-06-03 10:32:10 - fruit 0
Insertado en metrics: 2025-06-03 10:32:12 - fruit 0
Insertado en metrics: 2025-06-03 10:32:24 - flappy 0
Insertado en metrics: 2025-06-03 10:32:29 - flappy 0
Insertado en metrics: 2025-06-03 10:32:26 - fruit 0
Insertado en metrics: 2025-06-03 10:32:30 - fruit 0
Insertado en metrics: 2025-06-03 10:32:38 - flappy 0
Insertado en metrics: 2025-06-03 10:32:44 - flappy 0
Insertado en metrics: 2025-06-03 10:32:48 - fruit 0
Insertado en metrics: 2025-06-03 10:32:51 - fruit 0
Insertado en metrics: 2025-06-03 10:32:58 - fruit 0
Insertado en metrics: 2025-06-03 10:33:10 - flappy 0
Insertado en metrics: 2025-06-03 10:33:17 - flappy 0
Insertado en metrics: 2025-06-03 10:33:19 - fruit 0
Insertado en metrics: 2025-06-03 10:33:22 - fruit 0
Insertado en metrics: 2025-06-03 10:33:30 - fruit 0
Insertado en metrics: 2025-06-03 10:33:37 - fruit 0
Insertado en metrics: 2025-06-03 10:33:36 - flappy 0
Insertado en metrics: 2025-06-03 10:33:41 - flappy 0
Insertado en metrics: 2025-06-03 10:33:43 - flappy 0
Insertado en metrics: 2025-06-03 10:33:45 - flappy 0
Insertado en metrics: 2025-06-03 10:33:54 - fruit 0
Insertado en metrics: 2025-06-03 10:33:58 - fruit 0
Insertado en metrics: 2025-06-03 10:33:56 - flappy 0
Insertado en metrics: 2025-06-03 10:33:57 - flappy 0
Insertado en metrics: 2025-06-03 10:34:23 - flappy 0
Insertado en metrics: 2025-06-03 10:34:33 - flappy 0
Insertado en metrics: 2025-06-03 10:34:41 - flappy 0
Insertado en metrics: 2025-06-03 10:34:51 - flappy 0
Insertado en metrics: 2025-06-03 10:34:47 - flappy 0
Insertado en metrics: 2025-06-03 10:34:52 - flappy 0
Insertado en metrics: 2025-06-03 10:35:12 - fruit 0
Insertado en metrics: 2025-06-03 10:35:19 - fruit 0
Insertado en metrics: 2025-06-03 10:35:17 - flappy 0
Insertado en metrics: 2025-06-03 10:35:26 - flappy 0
Insertado en metrics: 2025-06-03 10:35:18 - flappy 0
Insertado en metrics: 2025-06-03 10:35:22 - flappy 0
Insertado en metrics: 2025-06-03 10:35:32 - flappy 0
Insertado en metrics: 2025-06-03 10:35:27 - flappy 0
Insertado en metrics: 2025-06-03 10:35:34 - flappy 0
Insertado en metrics: 2025-06-03 10:35:28 - fruit 0
Insertado en metrics: 2025-06-03 10:35:36 - fruit 0
Insertado en metrics: 2025-06-03 10:35:33 - flappy 0
Insertado en metrics: 2025-06-03 10:35:36 - flappy 0
Insertado en metrics: 2025-06-03 10:35:43 - flappy 0
Insertado en metrics: 2025-06-03 10:35:50 - flappy 0
Insertado en metrics: 2025-06-03 10:35:48 - flappy 0
Insertado en metrics: 2025-06-03 10:35:49 - flappy 0
Insertado en metrics: 2025-06-03 10:35:52 - flappy 0
Insertado en metrics: 2025-06-03 10:35:56 - flappy 0
Insertado en metrics: 2025-06-03 10:36:06 - flappy 0
Insertado en metrics: 2025-06-03 10:36:07 - flappy 0
Insertado en metrics: 2025-06-03 10:36:10 - fruit 0
Insertado en metrics: 2025-06-03 10:36:15 - fruit 0
Insertado en metrics: 2025-06-03 10:36:14 - flappy 0
Insertado en metrics: 2025-06-03 10:36:18 - flappy 0
Insertado en metrics: 2025-06-03 10:36:17 - flappy 0
Insertado en metrics: 2025-06-03 10:36:26 - flappy 0
Insertado en metrics: 2025-06-03 10:36:23 - flappy 0
Insertado en metrics: 2025-06-03 10:36:27 - flappy 0
Insertado en metrics: 2025-06-03 10:36:36 - flappy 0
Insertado en metrics: 2025-06-03 10:36:37 - flappy 0
Insertado en metrics: 2025-06-03 10:36:47 - flappy 0
Insertado en metrics: 2025-06-03 10:36:39 - flappy 0
Insertado en metrics: 2025-06-03 10:36:45 - flappy 0
Insertado en metrics: 2025-06-03 10:36:46 - fruit 0
Insertado en metrics: 2025-06-03 10:36:53 - fruit 0
Insertado en metrics: 2025-06-03 10:36:48 - flappy 0
Insertado en metrics: 2025-06-03 10:36:56 - flappy 0
Insertado en metrics: 2025-06-03 10:37:17 - fruit 0
Insertado en metrics: 2025-06-03 10:37:23 - fruit 0
Insertado en metrics: 2025-06-03 10:37:20 - flappy 0
Insertado en metrics: 2025-06-03 10:37:22 - flappy 0
Insertado en metrics: 2025-06-03 10:37:21 - fruit 0
Insertado en metrics: 2025-06-03 10:37:30 - fruit 0
Insertado en metrics: 2025-06-03 10:37:29 - fruit 0
Insertado en metrics: 2025-06-03 10:37:34 - fruit 0
Insertado en metrics: 2025-06-03 10:37:53 - flappy 0
Insertado en metrics: 2025-06-03 10:37:57 - flappy 0
Insertado en metrics: 2025-06-03 10:37:55 - flappy 0
Insertado en metrics: 2025-06-03 10:38:05 - flappy 0
Insertado en metrics: 2025-06-03 10:38:04 - flappy 0
Insertado en metrics: 2025-06-03 10:38:09 - flappy 0
Insertado en metrics: 2025-06-03 10:38:11 - flappy 0
Insertado en metrics: 2025-06-03 10:38:18 - fruit 0
Insertado en metrics: 2025-06-03 10:38:25 - fruit 0
Insertado en metrics: 2025-06-03 10:38:19 - fruit 0
Insertado en metrics: 2025-06-03 10:38:26 - fruit 0
Insertado en metrics: 2025-06-03 10:38:21 - flappy 0
Insertado en metrics: 2025-06-03 10:38:24 - flappy 0
Insertado en metrics: 2025-06-03 10:38:43 - fruit 0
Insertado en metrics: 2025-06-03 10:38:46 - fruit 0
Insertado en metrics: 2025-06-03 10:38:53 - fruit 0
Insertado en metrics: 2025-06-03 10:39:02 - fruit 0
Insertado en metrics: 2025-06-03 10:38:56 - flappy 0
Insertado en metrics: 2025-06-03 10:39:01 - flappy 0
Insertado en metrics: 2025-06-03 10:39:07 - fruit 0
Insertado en metrics: 2025-06-03 10:39:09 - fruit 0
Insertado en metrics: 2025-06-03 10:39:21 - flappy 0
Insertado en metrics: 2025-06-03 10:39:24 - flappy 0
Insertado en metrics: 2025-06-03 10:39:28 - fruit 0
Insertado en metrics: 2025-06-03 10:39:34 - fruit 0
Insertado en metrics: 2025-06-03 10:39:52 - flappy 0
Insertado en metrics: 2025-06-03 10:39:54 - flappy 0
Insertado en metrics: 2025-06-03 10:39:56 - fruit 0
Insertado en metrics: 2025-06-03 10:39:59 - fruit 0
Insertado en metrics: 2025-06-03 10:40:00 - flappy 0
Insertado en metrics: 2025-06-03 10:40:01 - flappy 0
Insertado en metrics: 2025-06-03 10:40:07 - fruit 0
Insertado en metrics: 2025-06-03 10:40:14 - fruit 0
Insertado en metrics: 2025-06-03 10:40:19 - fruit 0
Insertado en metrics: 2025-06-03 10:40:30 - flappy 0
Insertado en metrics: 2025-06-03 10:40:37 - flappy 0
Insertado en metrics: 2025-06-03 10:40:38 - fruit 0
Insertado en metrics: 2025-06-03 10:40:48 - fruit 0
Insertado en metrics: 2025-06-03 10:40:39 - fruit 0
Insertado en metrics: 2025-06-03 10:40:50 - fruit 0
Insertado en metrics: 2025-06-03 10:41:00 - fruit 0
Insertado en metrics: 2025-06-03 10:40:51 - flappy 0
Insertado en metrics: 2025-06-03 10:40:52 - flappy 0
Insertado en metrics: 2025-06-03 10:41:00 - flappy 0
Insertado en metrics: 2025-06-03 10:41:07 - flappy 0
Insertado en metrics: 2025-06-03 10:41:25 - flappy 0
Insertado en metrics: 2025-06-03 10:41:30 - flappy 0
Insertado en metrics: 2025-06-03 10:41:29 - flappy 0
Insertado en metrics: 2025-06-03 10:41:33 - flappy 0
Insertado en metrics: 2025-06-03 10:41:31 - flappy 0
Insertado en metrics: 2025-06-03 10:41:35 - flappy 0
Insertado en metrics: 2025-06-03 10:41:42 - flappy 0
Insertado en metrics: 2025-06-03 10:41:50 - flappy 0
Insertado en metrics: 2025-06-03 10:41:47 - flappy 0
Insertado en metrics: 2025-06-03 10:41:54 - flappy 0
Insertado en metrics: 2025-06-03 10:42:05 - fruit 0
Insertado en metrics: 2025-06-03 10:42:11 - fruit 0
Insertado en metrics: 2025-06-03 10:42:11 - flappy 0
Insertado en metrics: 2025-06-03 10:42:17 - flappy 0
Insertado en metrics: 2025-06-03 10:42:27 - flappy 0
Insertado en metrics: 2025-06-03 10:42:28 - flappy 0
Insertado en metrics: 2025-06-03 10:42:35 - flappy 0
Insertado en metrics: 2025-06-03 10:42:32 - fruit 0
Insertado en metrics: 2025-06-03 10:42:34 - fruit 0
Insertado en metrics: 2025-06-03 10:42:45 - flappy 0
Insertado en metrics: 2025-06-03 10:42:52 - flappy 0
Insertado en metrics: 2025-06-03 10:42:58 - flappy 0
Insertado en metrics: 2025-06-03 10:43:03 - flappy 0
Insertado en metrics: 2025-06-03 10:43:12 - flappy 0
Insertado en metrics_likes: 2025-06-03 09:37:06 - fruit
Insertado en metrics_likes: 2025-06-03 09:39:02 - fruit
Insertado en metrics_likes: 2025-06-03 09:40:12 - flappy
Insertado en metrics_likes: 2025-06-03 09:40:42 - flappy
Insertado en metrics_likes: 2025-06-03 09:41:57 - fruit
Insertado en metrics_likes: 2025-06-03 09:43:28 - fruit
Insertado en metrics_likes: 2025-06-03 09:44:42 - fruit
Insertado en metrics_likes: 2025-06-03 10:00:12 - fruit
Insertado en metrics_likes: 2025-06-03 10:00:10 - flappy
Insertado en metrics_likes: 2025-06-03 10:00:22 - flappy
Insertado en metrics_likes: 2025-06-03 10:00:20 - fruit
Insertado en metrics_likes: 2025-06-03 10:00:29 - fruit
Insertado en metrics_likes: 2025-06-03 10:00:19 - fruit
Insertado en metrics_likes: 2025-06-03 10:00:17 - flappy
Insertado en metrics_likes: 2025-06-03 10:00:42 - flappy
Insertado en metrics_likes: 2025-06-03 10:01:05 - flappy
Insertado en metrics_likes: 2025-06-03 10:01:04 - flappy
Insertado en metrics_likes: 2025-06-03 10:01:12 - flappy
Insertado en metrics_likes: 2025-06-03 10:01:07 - flappy
Insertado en metrics_likes: 2025-06-03 10:01:15 - fruit
Insertado en metrics_likes: 2025-06-03 10:01:43 - flappy
Insertado en metrics_likes: 2025-06-03 10:01:52 - flappy
Insertado en metrics_likes: 2025-06-03 10:02:00 - flappy
Insertado en metrics_likes: 2025-06-03 10:01:48 - flappy
Insertado en metrics_likes: 2025-06-03 10:02:09 - flappy
Insertado en metrics_likes: 2025-06-03 10:02:10 - flappy
Insertado en metrics_likes: 2025-06-03 10:02:23 - flappy
Insertado en metrics_likes: 2025-06-03 10:02:34 - fruit
Insertado en metrics_likes: 2025-06-03 10:02:28 - flappy
Insertado en metrics_likes: 2025-06-03 10:02:34 - flappy
Insertado en metrics_likes: 2025-06-03 10:02:50 - flappy
Insertado en metrics_likes: 2025-06-03 10:02:47 - fruit
Insertado en metrics_likes: 2025-06-03 10:03:11 - flappy
Insertado en metrics_likes: 2025-06-03 10:03:05 - flappy
Insertado en metrics_likes: 2025-06-03 10:03:10 - flappy
Insertado en metrics_likes: 2025-06-03 10:03:21 - flappy
Insertado en metrics_likes: 2025-06-03 10:03:22 - fruit
Insertado en metrics_likes: 2025-06-03 10:03:28 - flappy
Insertado en metrics_likes: 2025-06-03 10:03:48 - flappy
Insertado en metrics_likes: 2025-06-03 10:04:04 - flappy
Insertado en metrics_likes: 2025-06-03 10:04:21 - fruit
Insertado en metrics_likes: 2025-06-03 10:04:28 - flappy
Insertado en metrics_likes: 2025-06-03 10:04:31 - flappy
Insertado en metrics_likes: 2025-06-03 10:04:56 - flappy
Insertado en metrics_likes: 2025-06-03 10:05:02 - fruit
Insertado en metrics_likes: 2025-06-03 10:04:59 - flappy
Insertado en metrics_likes: 2025-06-03 10:05:00 - flappy
Insertado en metrics_likes: 2025-06-03 10:05:03 - flappy
Insertado en metrics_likes: 2025-06-03 10:05:01 - flappy
Insertado en metrics_likes: 2025-06-03 10:05:17 - flappy
Insertado en metrics_likes: 2025-06-03 10:05:12 - flappy
Insertado en metrics_likes: 2025-06-03 10:05:26 - fruit
Insertado en metrics_likes: 2025-06-03 10:05:26 - flappy
Insertado en metrics_likes: 2025-06-03 10:05:29 - flappy
Insertado en metrics_likes: 2025-06-03 10:05:41 - fruit
Insertado en metrics_likes: 2025-06-03 10:06:00 - fruit
Insertado en metrics_likes: 2025-06-03 10:05:57 - flappy
Insertado en metrics_likes: 2025-06-03 10:06:08 - flappy
Insertado en metrics_likes: 2025-06-03 10:05:58 - flappy
Insertado en metrics_likes: 2025-06-03 10:06:12 - flappy
Insertado en metrics_likes: 2025-06-03 10:06:15 - flappy
Insertado en metrics_likes: 2025-06-03 10:06:29 - flappy
Insertado en metrics_likes: 2025-06-03 10:06:35 - flappy
Insertado en metrics_likes: 2025-06-03 10:07:00 - flappy
Insertado en metrics_likes: 2025-06-03 10:07:01 - fruit
Insertado en metrics_likes: 2025-06-03 10:07:06 - flappy
Insertado en metrics_likes: 2025-06-03 10:07:11 - flappy
Insertado en metrics_likes: 2025-06-03 10:07:22 - flappy
Insertado en metrics_likes: 2025-06-03 10:07:23 - flappy
Insertado en metrics_likes: 2025-06-03 10:07:43 - flappy
Insertado en metrics_likes: 2025-06-03 10:07:39 - flappy
Insertado en metrics_likes: 2025-06-03 10:08:00 - flappy
Insertado en metrics_likes: 2025-06-03 10:08:02 - fruit
Insertado en metrics_likes: 2025-06-03 10:08:11 - fruit
Insertado en metrics_likes: 2025-06-03 10:08:14 - flappy
Insertado en metrics_likes: 2025-06-03 10:08:19 - flappy
Insertado en metrics_likes: 2025-06-03 10:08:09 - flappy
Insertado en metrics_likes: 2025-06-03 10:08:40 - flappy
Insertado en metrics_likes: 2025-06-03 10:08:29 - flappy
Insertado en metrics_likes: 2025-06-03 10:08:41 - flappy
Insertado en metrics_likes: 2025-06-03 10:09:16 - flappy
Insertado en metrics_likes: 2025-06-03 10:09:20 - flappy
Insertado en metrics_likes: 2025-06-03 10:09:22 - flappy
Insertado en metrics_likes: 2025-06-03 10:09:27 - flappy
Insertado en metrics_likes: 2025-06-03 10:09:46 - flappy
Insertado en metrics_likes: 2025-06-03 10:09:59 - flappy
Insertado en metrics_likes: 2025-06-03 10:09:53 - flappy
Insertado en metrics_likes: 2025-06-03 10:10:02 - fruit
Insertado en metrics_likes: 2025-06-03 10:10:02 - flappy
Insertado en metrics_likes: 2025-06-03 10:10:12 - flappy
Insertado en metrics_likes: 2025-06-03 10:10:20 - flappy
Insertado en metrics_likes: 2025-06-03 10:10:18 - flappy
Insertado en metrics_likes: 2025-06-03 10:10:21 - fruit
Insertado en metrics_likes: 2025-06-03 10:10:27 - flappy
Insertado en metrics_likes: 2025-06-03 10:10:31 - flappy
Insertado en metrics_likes: 2025-06-03 10:10:34 - flappy
Insertado en metrics_likes: 2025-06-03 10:10:37 - flappy
Insertado en metrics_likes: 2025-06-03 10:10:56 - flappy
Insertado en metrics_likes: 2025-06-03 10:11:08 - flappy
Insertado en metrics_likes: 2025-06-03 10:11:29 - fruit
Insertado en metrics_likes: 2025-06-03 10:11:24 - flappy
Insertado en metrics_likes: 2025-06-03 10:11:41 - flappy
Insertado en metrics_likes: 2025-06-03 10:12:03 - flappy
Insertado en metrics_likes: 2025-06-03 10:12:03 - fruit
Insertado en metrics_likes: 2025-06-03 10:12:05 - flappy
Insertado en metrics_likes: 2025-06-03 10:12:14 - flappy
Insertado en metrics_likes: 2025-06-03 10:12:10 - flappy
Insertado en metrics_likes: 2025-06-03 10:12:04 - fruit
Insertado en metrics_likes: 2025-06-03 10:12:26 - flappy
Insertado en metrics_likes: 2025-06-03 10:12:33 - flappy
Insertado en metrics_likes: 2025-06-03 10:12:45 - fruit
Insertado en metrics_likes: 2025-06-03 10:12:40 - fruit
Insertado en metrics_likes: 2025-06-03 10:13:17 - fruit
Insertado en metrics_likes: 2025-06-03 10:13:24 - fruit
Insertado en metrics_likes: 2025-06-03 10:13:21 - fruit
Insertado en metrics_likes: 2025-06-03 10:13:31 - fruit
Insertado en metrics_likes: 2025-06-03 10:13:38 - fruit
Insertado en metrics_likes: 2025-06-03 10:13:53 - fruit
Insertado en metrics_likes: 2025-06-03 10:14:14 - fruit
Insertado en metrics_likes: 2025-06-03 10:14:25 - flappy
Insertado en metrics_likes: 2025-06-03 10:14:36 - flappy
Insertado en metrics_likes: 2025-06-03 10:14:35 - fruit
Insertado en metrics_likes: 2025-06-03 10:14:56 - flappy
Insertado en metrics_likes: 2025-06-03 10:14:55 - fruit
Insertado en metrics_likes: 2025-06-03 10:15:08 - fruit
Insertado en metrics_likes: 2025-06-03 10:15:27 - flappy
Insertado en metrics_likes: 2025-06-03 10:15:47 - fruit
Insertado en metrics_likes: 2025-06-03 10:15:43 - flappy
Insertado en metrics_likes: 2025-06-03 10:15:50 - fruit
Insertado en metrics_likes: 2025-06-03 10:16:02 - flappy
Insertado en metrics_likes: 2025-06-03 10:16:12 - flappy
Insertado en metrics_likes: 2025-06-03 10:16:10 - flappy
Insertado en metrics_likes: 2025-06-03 10:16:38 - fruit
Insertado en metrics_likes: 2025-06-03 10:16:36 - fruit
Insertado en metrics_likes: 2025-06-03 10:16:46 - fruit
Insertado en metrics_likes: 2025-06-03 10:16:48 - fruit
Insertado en metrics_likes: 2025-06-03 10:16:41 - fruit
Insertado en metrics_likes: 2025-06-03 10:16:57 - fruit
Insertado en metrics_likes: 2025-06-03 10:16:55 - fruit
Insertado en metrics_likes: 2025-06-03 10:17:46 - fruit
Insertado en metrics_likes: 2025-06-03 10:17:48 - flappy
Insertado en metrics_likes: 2025-06-03 10:17:59 - flappy
Insertado en metrics_likes: 2025-06-03 10:18:06 - flappy
Insertado en metrics_likes: 2025-06-03 10:18:15 - fruit
Insertado en metrics_likes: 2025-06-03 10:18:17 - fruit
Insertado en metrics_likes: 2025-06-03 10:18:39 - fruit
Insertado en metrics_likes: 2025-06-03 10:19:09 - fruit
Insertado en metrics_likes: 2025-06-03 10:19:04 - fruit
Insertado en metrics_likes: 2025-06-03 10:19:12 - fruit
Insertado en metrics_likes: 2025-06-03 10:19:23 - fruit
Insertado en metrics_likes: 2025-06-03 10:19:35 - fruit
Insertado en metrics_likes: 2025-06-03 10:20:01 - flappy
Insertado en metrics_likes: 2025-06-03 10:20:16 - flappy
Insertado en metrics_likes: 2025-06-03 10:20:22 - fruit
Insertado en metrics_likes: 2025-06-03 10:20:56 - flappy
Insertado en metrics_likes: 2025-06-03 10:20:49 - fruit
Insertado en metrics_likes: 2025-06-03 10:20:59 - flappy
Insertado en metrics_likes: 2025-06-03 10:21:10 - fruit
Insertado en metrics_likes: 2025-06-03 10:21:07 - fruit
Insertado en metrics_likes: 2025-06-03 10:21:33 - flappy
Insertado en metrics_likes: 2025-06-03 10:21:39 - flappy
Insertado en metrics_likes: 2025-06-03 10:22:05 - flappy
Insertado en metrics_likes: 2025-06-03 10:22:06 - flappy
Insertado en metrics_likes: 2025-06-03 10:22:20 - flappy
Insertado en metrics_likes: 2025-06-03 10:22:31 - flappy
Insertado en metrics_likes: 2025-06-03 10:22:25 - flappy
Insertado en metrics_likes: 2025-06-03 10:22:21 - flappy
Insertado en metrics_likes: 2025-06-03 10:22:30 - fruit
Insertado en metrics_likes: 2025-06-03 10:22:29 - flappy
Insertado en metrics_likes: 2025-06-03 10:22:40 - flappy
Insertado en metrics_likes: 2025-06-03 10:22:35 - flappy
Insertado en metrics_likes: 2025-06-03 10:22:52 - flappy
Insertado en metrics_likes: 2025-06-03 10:22:54 - flappy
Insertado en metrics_likes: 2025-06-03 10:22:58 - flappy
Insertado en metrics_likes: 2025-06-03 10:23:04 - flappy
Insertado en metrics_likes: 2025-06-03 10:23:14 - flappy
Insertado en metrics_likes: 2025-06-03 10:23:20 - flappy
Insertado en metrics_likes: 2025-06-03 10:23:38 - fruit
Insertado en metrics_likes: 2025-06-03 10:23:43 - flappy
Insertado en metrics_likes: 2025-06-03 10:23:51 - fruit
Insertado en metrics_likes: 2025-06-03 10:24:05 - flappy
Insertado en metrics_likes: 2025-06-03 10:24:13 - flappy
Insertado en metrics_likes: 2025-06-03 10:24:37 - flappy
Insertado en metrics_likes: 2025-06-03 10:24:36 - flappy
Insertado en metrics_likes: 2025-06-03 10:24:44 - flappy
Insertado en metrics_likes: 2025-06-03 10:24:48 - flappy
Insertado en metrics_likes: 2025-06-03 10:25:01 - flappy
Insertado en metrics_likes: 2025-06-03 10:25:13 - flappy
Insertado en metrics_likes: 2025-06-03 10:25:19 - flappy
Insertado en metrics_likes: 2025-06-03 10:25:26 - flappy
Insertado en metrics_likes: 2025-06-03 10:25:40 - fruit
Insertado en metrics_likes: 2025-06-03 10:25:42 - fruit
Insertado en metrics_likes: 2025-06-03 10:25:35 - flappy
Insertado en metrics_likes: 2025-06-03 10:25:45 - flappy
Insertado en metrics_likes: 2025-06-03 10:25:48 - flappy
Insertado en metrics_likes: 2025-06-03 10:25:51 - flappy
Insertado en metrics_likes: 2025-06-03 10:25:46 - flappy
Insertado en metrics_likes: 2025-06-03 10:26:09 - flappy
Insertado en metrics_likes: 2025-06-03 10:26:22 - flappy
Insertado en metrics_likes: 2025-06-03 10:26:23 - flappy
Insertado en metrics_likes: 2025-06-03 10:26:29 - fruit
Insertado en metrics_likes: 2025-06-03 10:26:36 - flappy
Insertado en metrics_likes: 2025-06-03 10:26:32 - flappy
Insertado en metrics_likes: 2025-06-03 10:26:34 - flappy
Insertado en metrics_likes: 2025-06-03 10:26:40 - flappy
Insertado en metrics_likes: 2025-06-03 10:27:01 - flappy
Insertado en metrics_likes: 2025-06-03 10:26:57 - flappy
Insertado en metrics_likes: 2025-06-03 10:27:07 - flappy
Insertado en metrics_likes: 2025-06-03 10:27:12 - flappy
Insertado en metrics_likes: 2025-06-03 10:27:27 - flappy
Insertado en metrics_likes: 2025-06-03 10:27:39 - fruit
Insertado en metrics_likes: 2025-06-03 10:27:40 - flappy
Insertado en metrics_likes: 2025-06-03 10:28:00 - flappy
Insertado en metrics_likes: 2025-06-03 10:28:09 - flappy
Insertado en metrics_likes: 2025-06-03 10:28:12 - flappy
Insertado en metrics_likes: 2025-06-03 10:28:05 - flappy
Insertado en metrics_likes: 2025-06-03 10:28:03 - flappy
Insertado en metrics_likes: 2025-06-03 10:28:08 - flappy
Insertado en metrics_likes: 2025-06-03 10:28:31 - flappy
Insertado en metrics_likes: 2025-06-03 10:28:31 - fruit
Insertado en metrics_likes: 2025-06-03 10:28:46 - flappy
Insertado en metrics_likes: 2025-06-03 10:28:45 - flappy
Insertado en metrics_likes: 2025-06-03 10:29:00 - flappy
Insertado en metrics_likes: 2025-06-03 10:29:02 - fruit
Insertado en metrics_likes: 2025-06-03 10:29:02 - flappy
Insertado en metrics_likes: 2025-06-03 10:29:05 - flappy
Insertado en metrics_likes: 2025-06-03 10:29:07 - flappy
Insertado en metrics_likes: 2025-06-03 10:29:15 - flappy
Insertado en metrics_likes: 2025-06-03 10:29:12 - flappy
Insertado en metrics_likes: 2025-06-03 10:29:37 - flappy
Insertado en metrics_likes: 2025-06-03 10:29:32 - flappy
Insertado en metrics_likes: 2025-06-03 10:29:46 - flappy
Insertado en metrics_likes: 2025-06-03 10:29:55 - fruit
Insertado en metrics_likes: 2025-06-03 10:29:51 - flappy
Insertado en metrics_likes: 2025-06-03 10:30:10 - fruit
Insertado en metrics_likes: 2025-06-03 10:30:20 - flappy
Insertado en metrics_likes: 2025-06-03 10:30:46 - flappy
Insertado en metrics_likes: 2025-06-03 10:30:55 - flappy
Insertado en metrics_likes: 2025-06-03 10:31:02 - fruit
Insertado en metrics_likes: 2025-06-03 10:31:08 - flappy
Insertado en metrics_likes: 2025-06-03 10:31:21 - flappy
Insertado en metrics_likes: 2025-06-03 10:31:15 - flappy
Insertado en metrics_likes: 2025-06-03 10:31:25 - fruit
Insertado en metrics_likes: 2025-06-03 10:31:26 - flappy
Insertado en metrics_likes: 2025-06-03 10:31:36 - flappy
Insertado en metrics_likes: 2025-06-03 10:31:59 - flappy
Insertado en metrics_likes: 2025-06-03 10:32:05 - fruit
Insertado en metrics_likes: 2025-06-03 10:32:12 - flappy
Insertado en metrics_likes: 2025-06-03 10:32:16 - fruit
Insertado en metrics_likes: 2025-06-03 10:32:34 - flappy
Insertado en metrics_likes: 2025-06-03 10:32:29 - fruit
Insertado en metrics_likes: 2025-06-03 10:32:40 - flappy
Insertado en metrics_likes: 2025-06-03 10:32:51 - fruit
Insertado en metrics_likes: 2025-06-03 10:32:55 - fruit
Insertado en metrics_likes: 2025-06-03 10:33:25 - flappy
Insertado en metrics_likes: 2025-06-03 10:33:30 - fruit
Insertado en metrics_likes: 2025-06-03 10:33:45 - fruit
Insertado en metrics_likes: 2025-06-03 10:33:42 - flappy
Insertado en metrics_likes: 2025-06-03 10:33:45 - flappy
Insertado en metrics_likes: 2025-06-03 10:34:00 - fruit
Insertado en metrics_likes: 2025-06-03 10:33:57 - flappy
Insertado en metrics_likes: 2025-06-03 10:34:30 - flappy
Insertado en metrics_likes: 2025-06-03 10:34:56 - flappy
Insertado en metrics_likes: 2025-06-03 10:34:52 - flappy
Insertado en metrics_likes: 2025-06-03 10:35:20 - fruit
Insertado en metrics_likes: 2025-06-03 10:35:29 - flappy
Insertado en metrics_likes: 2025-06-03 10:35:34 - flappy
Insertado en metrics_likes: 2025-06-03 10:35:38 - flappy
Insertado en metrics_likes: 2025-06-03 10:35:31 - fruit
Insertado en metrics_likes: 2025-06-03 10:35:42 - flappy
Insertado en metrics_likes: 2025-06-03 10:35:57 - flappy
Insertado en metrics_likes: 2025-06-03 10:35:50 - flappy
Insertado en metrics_likes: 2025-06-03 10:36:06 - flappy
Insertado en metrics_likes: 2025-06-03 10:36:11 - flappy
Insertado en metrics_likes: 2025-06-03 10:36:16 - fruit
Insertado en metrics_likes: 2025-06-03 10:36:29 - flappy
Insertado en metrics_likes: 2025-06-03 10:36:24 - flappy
Insertado en metrics_likes: 2025-06-03 10:36:22 - flappy
Insertado en metrics_likes: 2025-06-03 10:36:37 - flappy
Insertado en metrics_likes: 2025-06-03 10:36:44 - flappy
Insertado en metrics_likes: 2025-06-03 10:36:49 - fruit
Insertado en metrics_likes: 2025-06-03 10:37:03 - flappy
Insertado en metrics_likes: 2025-06-03 10:37:27 - fruit
Insertado en metrics_likes: 2025-06-03 10:37:21 - flappy
Insertado en metrics_likes: 2025-06-03 10:37:29 - fruit
Insertado en metrics_likes: 2025-06-03 10:37:39 - fruit
Insertado en metrics_likes: 2025-06-03 10:37:54 - flappy
Insertado en metrics_likes: 2025-06-03 10:37:57 - flappy
Insertado en metrics_likes: 2025-06-03 10:38:13 - flappy
Insertado en metrics_likes: 2025-06-03 10:38:14 - flappy
Insertado en metrics_likes: 2025-06-03 10:38:33 - fruit
Insertado en metrics_likes: 2025-06-03 10:38:20 - fruit
Insertado en metrics_likes: 2025-06-03 10:38:34 - flappy
Insertado en metrics_likes: 2025-06-03 10:38:49 - fruit
Insertado en metrics_likes: 2025-06-03 10:39:03 - fruit
Insertado en metrics_likes: 2025-06-03 10:39:08 - flappy
Insertado en metrics_likes: 2025-06-03 10:39:13 - fruit
Insertado en metrics_likes: 2025-06-03 10:39:35 - flappy
Insertado en metrics_likes: 2025-06-03 10:39:30 - fruit
Insertado en metrics_likes: 2025-06-03 10:39:54 - flappy
Insertado en metrics_likes: 2025-06-03 10:40:02 - fruit
Insertado en metrics_likes: 2025-06-03 10:40:02 - flappy
Insertado en metrics_likes: 2025-06-03 10:40:22 - fruit
Insertado en metrics_likes: 2025-06-03 10:40:15 - fruit
Insertado en metrics_likes: 2025-06-03 10:40:36 - flappy
Insertado en metrics_likes: 2025-06-03 10:40:43 - fruit
Insertado en metrics_likes: 2025-06-03 10:40:49 - fruit
Insertado en metrics_likes: 2025-06-03 10:40:56 - fruit
Insertado en metrics_likes: 2025-06-03 10:40:59 - flappy
Insertado en metrics_likes: 2025-06-03 10:41:01 - flappy
Insertado en metrics_likes: 2025-06-03 10:41:32 - flappy
Insertado en metrics_likes: 2025-06-03 10:41:33 - flappy
Insertado en metrics_likes: 2025-06-03 10:41:45 - flappy
Insertado en metrics_likes: 2025-06-03 10:41:52 - flappy
Insertado en metrics_likes: 2025-06-03 10:41:54 - flappy
Insertado en metrics_likes: 2025-06-03 10:42:10 - fruit
Insertado en metrics_likes: 2025-06-03 10:42:25 - flappy
Insertado en metrics_likes: 2025-06-03 10:42:32 - flappy
Insertado en metrics_likes: 2025-06-03 10:42:36 - flappy
Insertado en metrics_likes: 2025-06-03 10:42:38 - fruit
Insertado en metrics_likes: 2025-06-03 10:42:40 - flappy
Insertado en metrics_likes: 2025-06-03 10:43:04 - flappy
Insertado en metrics_likes: 2025-06-03 10:43:13 - flappy
Inserci贸n completa.
Error de conexi贸n: SQLSTATE[HY000] [1045] Access denied for user 'pablom'@'ip-192-168-11-44.ec2.internal' (using password: YES)
Conexi贸n a MySQL exitosa.
Inserci贸n completa.

Conexi贸n a MySQL exitosa.
Inserci贸n completa.
Conexi贸n a MySQL exitosa.
Insertado en metrics: 2025-06-03 11:57:23 fruit start NULL
Insertado en metrics: 2025-06-03 11:57:30 fruit score 7
Insertado en metrics: 2025-06-03 11:58:09 fruit start NULL
Insertado en metrics: 2025-06-03 11:58:19 fruit score 104
Insertado en metrics: 2025-06-03 11:59:11 fruit start NULL
Insertado en metrics: 2025-06-03 11:59:21 fruit score 107
Insertado en metrics_likes: 2025-06-03 11:57:30 fruit dislike
Insertado en metrics_likes: 2025-06-03 11:58:23 fruit like
Insertado en metrics_likes: 2025-06-03 11:59:19 fruit like
Inserci贸n completa.
==== INICIO EJECUCIN METRICS-TO-DB.PHP: 2025-06-03 12:08:01 ====
Conexi贸n a MySQL exitosa.
Inserci贸n completa.
==== FIN EJECUCIN METRICS-TO-DB.PHP: 2025-06-03 12:08:01 ====
==== INICIO EJECUCIN METRICS-TO-DB.PHP: 2025-06-03 12:10:01 ====
Conexi贸n a MySQL exitosa.
Inserci贸n completa.
==== FIN EJECUCIN METRICS-TO-DB.PHP: 2025-06-03 12:10:01 ====
==== INICIO EJECUCIN METRICS-TO-DB.PHP: 2025-06-03 12:12:01 ====
Conexi贸n a MySQL exitosa.
Nuevos registros insertados en metrics: 4
Nuevos registros insertados en metrics_likes: 2
Inserci贸n completa.
==== FIN EJECUCIN METRICS-TO-DB.PHP: 2025-06-03 12:12:01 ====
==== INICIO EJECUCIN METRICS-TO-DB.PHP: 2025-06-03 12:14:01 ====
Conexi贸n a MySQL exitosa.
Nuevos registros insertados en metrics: 4
Nuevos registros insertados en metrics_likes: 2
Inserci贸n completa.
==== FIN EJECUCIN METRICS-TO-DB.PHP: 2025-06-03 12:14:01 ====
==== INICIO EJECUCIN METRICS-TO-DB.PHP: 2025-06-03 12:16:01 ====
Conexi贸n a MySQL exitosa.
Nuevos registros insertados en metrics: 4
Nuevos registros insertados en metrics_likes: 2
Inserci贸n completa.
==== FIN EJECUCIN METRICS-TO-DB.PHP: 2025-06-03 12:16:01 ====
==== INICIO EJECUCIN METRICS-TO-DB.PHP: 2025-06-03 12:18:01 ====
Conexi贸n a MySQL exitosa.
Nuevos registros insertados en metrics: 0
Nuevos registros insertados en metrics_likes: 0
Inserci贸n completa.
==== FIN EJECUCIN METRICS-TO-DB.PHP: 2025-06-03 12:18:01 ====
==== INICIO EJECUCIN METRICS-TO-DB.PHP: 2025-06-03 12:20:02 ====
Conexi贸n a MySQL exitosa.
Nuevos registros insertados en metrics: 12
Nuevos registros insertados en metrics_likes: 6
Inserci贸n completa.
==== FIN EJECUCIN METRICS-TO-DB.PHP: 2025-06-03 12:20:02 ====
==== INICIO EJECUCIN METRICS-TO-DB.PHP: 2025-06-03 12:22:01 ====
Conexi贸n a MySQL exitosa.
Nuevos registros insertados en metrics: 2
Nuevos registros insertados en metrics_likes: 1
Inserci贸n completa.
==== FIN EJECUCIN METRICS-TO-DB.PHP: 2025-06-03 12:22:01 ====
==== INICIO EJECUCIN METRICS-TO-DB.PHP: 2025-06-03 12:24:01 ====
Conexi贸n a MySQL exitosa.
Nuevos registros insertados en metrics: 12
Nuevos registros insertados en metrics_likes: 6
Inserci贸n completa.
==== FIN EJECUCIN METRICS-TO-DB.PHP: 2025-06-03 12:24:01 ====
==== INICIO EJECUCIN METRICS-TO-DB.PHP: 2025-06-03 12:26:01 ====
Conexi贸n a MySQL exitosa.
Nuevos registros insertados en metrics: 4
Nuevos registros insertados en metrics_likes: 2
Inserci贸n completa.
==== FIN EJECUCIN METRICS-TO-DB.PHP: 2025-06-03 12:26:01 ====
==== INICIO EJECUCIN METRICS-TO-DB.PHP: 2025-06-03 12:28:01 ====
Conexi贸n a MySQL exitosa.
Nuevos registros insertados en metrics: 2
Nuevos registros insertados en metrics_likes: 1
Inserci贸n completa.
==== FIN EJECUCIN METRICS-TO-DB.PHP: 2025-06-03 12:28:01 ====
==== INICIO EJECUCIN METRICS-TO-DB.PHP: 2025-06-03 12:30:01 ====
Conexi贸n a MySQL exitosa.
Nuevos registros insertados en metrics: 10
Nuevos registros insertados en metrics_likes: 5
Inserci贸n completa.
==== FIN EJECUCIN METRICS-TO-DB.PHP: 2025-06-03 12:30:02 ====
==== INICIO EJECUCIN METRICS-TO-DB.PHP: 2025-06-03 12:32:01 ====
Conexi贸n a MySQL exitosa.
Nuevos registros insertados en metrics: 8
Nuevos registros insertados en metrics_likes: 4
Inserci贸n completa.
==== FIN EJECUCIN METRICS-TO-DB.PHP: 2025-06-03 12:32:01 ====
==== INICIO EJECUCIN METRICS-TO-DB.PHP: 2025-06-03 12:34:01 ====
Conexi贸n a MySQL exitosa.
Nuevos registros insertados en metrics: 6
Nuevos registros insertados en metrics_likes: 3
Inserci贸n completa.
==== FIN EJECUCIN METRICS-TO-DB.PHP: 2025-06-03 12:34:01 ====
==== INICIO EJECUCIN METRICS-TO-DB.PHP: 2025-06-03 12:36:01 ====
Conexi贸n a MySQL exitosa.
Nuevos registros insertados en metrics: 6
Nuevos registros insertados en metrics_likes: 3
Inserci贸n completa.
==== FIN EJECUCIN METRICS-TO-DB.PHP: 2025-06-03 12:36:01 ====
==== INICIO EJECUCIN METRICS-TO-DB.PHP: 2025-06-03 12:38:01 ====
Conexi贸n a MySQL exitosa.
Nuevos registros insertados en metrics: 4
Nuevos registros insertados en metrics_likes: 2
Inserci贸n completa.
==== FIN EJECUCIN METRICS-TO-DB.PHP: 2025-06-03 12:38:01 ====
==== INICIO EJECUCIN METRICS-TO-DB.PHP: 2025-06-03 12:40:01 ====
Conexi贸n a MySQL exitosa.
Nuevos registros insertados en metrics: 0
Nuevos registros insertados en metrics_likes: 0
Inserci贸n completa.
==== FIN EJECUCIN METRICS-TO-DB.PHP: 2025-06-03 12:40:02 ====
==== INICIO EJECUCIN METRICS-TO-DB.PHP: 2025-06-03 12:42:01 ====
Conexi贸n a MySQL exitosa.
Nuevos registros insertados en metrics: 10
Nuevos registros insertados en metrics_likes: 5
Inserci贸n completa.
==== FIN EJECUCIN METRICS-TO-DB.PHP: 2025-06-03 12:42:01 ====
==== INICIO EJECUCIN METRICS-TO-DB.PHP: 2025-06-03 12:44:01 ====
Conexi贸n a MySQL exitosa.
Nuevos registros insertados en metrics: 4
Nuevos registros insertados en metrics_likes: 2
Inserci贸n completa.
==== FIN EJECUCIN METRICS-TO-DB.PHP: 2025-06-03 12:44:01 ====
==== INICIO EJECUCIN METRICS-TO-DB.PHP: 2025-06-03 12:46:01 ====
Conexi贸n a MySQL exitosa.
Nuevos registros insertados en metrics: 4
Nuevos registros insertados en metrics_likes: 2
Inserci贸n completa.
==== FIN EJECUCIN METRICS-TO-DB.PHP: 2025-06-03 12:46:01 ====
==== INICIO EJECUCIN METRICS-TO-DB.PHP: 2025-06-03 12:48:01 ====
Conexi贸n a MySQL exitosa.
Nuevos registros insertados en metrics: 2
Nuevos registros insertados en metrics_likes: 1
Inserci贸n completa.
==== FIN EJECUCIN METRICS-TO-DB.PHP: 2025-06-03 12:48:01 ====
==== INICIO EJECUCIN METRICS-TO-DB.PHP: 2025-06-03 12:50:01 ====
Conexi贸n a MySQL exitosa.
Nuevos registros insertados en metrics: 6
Nuevos registros insertados en metrics_likes: 3
Inserci贸n completa.
==== FIN EJECUCIN METRICS-TO-DB.PHP: 2025-06-03 12:50:02 ====
==== INICIO EJECUCIN METRICS-TO-DB.PHP: 2025-06-03 12:52:01 ====
Conexi贸n a MySQL exitosa.
Nuevos registros insertados en metrics: 8
Nuevos registros insertados en metrics_likes: 4
Inserci贸n completa.
==== FIN EJECUCIN METRICS-TO-DB.PHP: 2025-06-03 12:52:01 ====
==== INICIO EJECUCIN METRICS-TO-DB.PHP: 2025-06-03 12:54:01 ====
Conexi贸n a MySQL exitosa.
Nuevos registros insertados en metrics: 8
Nuevos registros insertados en metrics_likes: 4
Inserci贸n completa.
==== FIN EJECUCIN METRICS-TO-DB.PHP: 2025-06-03 12:54:01 ====
==== INICIO EJECUCIN METRICS-TO-DB.PHP: 2025-06-03 12:56:01 ====
Conexi贸n a MySQL exitosa.
Nuevos registros insertados en metrics: 4
Nuevos registros insertados en metrics_likes: 2
Inserci贸n completa.
==== FIN EJECUCIN METRICS-TO-DB.PHP: 2025-06-03 12:56:01 ====
==== INICIO EJECUCIN METRICS-TO-DB.PHP: 2025-06-03 12:58:01 ====
Conexi贸n a MySQL exitosa.
Nuevos registros insertados en metrics: 8
Nuevos registros insertados en metrics_likes: 4
Inserci贸n completa.
==== FIN EJECUCIN METRICS-TO-DB.PHP: 2025-06-03 12:58:02 ====
==== INICIO EJECUCIN METRICS-TO-DB.PHP: 2025-06-03 13:00:01 ====
Conexi贸n a MySQL exitosa.
Nuevos registros insertados en metrics: 4
Nuevos registros insertados en metrics_likes: 2
Inserci贸n completa.
==== FIN EJECUCIN METRICS-TO-DB.PHP: 2025-06-03 13:00:01 ====
==== INICIO EJECUCIN METRICS-TO-DB.PHP: 2025-06-03 13:02:01 ====
Conexi贸n a MySQL exitosa.
Nuevos registros insertados en metrics: 2
Nuevos registros insertados en metrics_likes: 1
Inserci贸n completa.
==== FIN EJECUCIN METRICS-TO-DB.PHP: 2025-06-03 13:02:01 ====
==== INICIO EJECUCIN METRICS-TO-DB.PHP: 2025-06-03 13:04:01 ====
Conexi贸n a MySQL exitosa.
Nuevos registros insertados en metrics: 6
Nuevos registros insertados en metrics_likes: 3
Inserci贸n completa.
==== FIN EJECUCIN METRICS-TO-DB.PHP: 2025-06-03 13:04:01 ====
==== INICIO EJECUCIN METRICS-TO-DB.PHP: 2025-06-03 13:06:01 ====
Conexi贸n a MySQL exitosa.
Nuevos registros insertados en metrics: 2
Nuevos registros insertados en metrics_likes: 1
Inserci贸n completa.
==== FIN EJECUCIN METRICS-TO-DB.PHP: 2025-06-03 13:06:02 ====
==== INICIO EJECUCIN METRICS-TO-DB.PHP: 2025-06-03 13:08:01 ====
Conexi贸n a MySQL exitosa.
Nuevos registros insertados en metrics: 10
Nuevos registros insertados en metrics_likes: 5
Inserci贸n completa.
==== FIN EJECUCIN METRICS-TO-DB.PHP: 2025-06-03 13:08:01 ====
==== INICIO EJECUCIN METRICS-TO-DB.PHP: 2025-06-03 13:10:01 ====
Conexi贸n a MySQL exitosa.
Nuevos registros insertados en metrics: 10
Nuevos registros insertados en metrics_likes: 5
Inserci贸n completa.
==== FIN EJECUCIN METRICS-TO-DB.PHP: 2025-06-03 13:10:01 ====
==== INICIO EJECUCIN METRICS-TO-DB.PHP: 2025-06-03 13:12:01 ====
Conexi贸n a MySQL exitosa.
Nuevos registros insertados en metrics: 12
Nuevos registros insertados en metrics_likes: 6
Inserci贸n completa.
==== FIN EJECUCIN METRICS-TO-DB.PHP: 2025-06-03 13:12:02 ====
==== INICIO EJECUCIN METRICS-TO-DB.PHP: 2025-06-03 13:14:01 ====
Conexi贸n a MySQL exitosa.
Nuevos registros insertados en metrics: 8
Nuevos registros insertados en metrics_likes: 4
Inserci贸n completa.
==== FIN EJECUCIN METRICS-TO-DB.PHP: 2025-06-03 13:14:01 ====
==== INICIO EJECUCIN METRICS-TO-DB.PHP: 2025-06-03 13:16:01 ====
Conexi贸n a MySQL exitosa.
Nuevos registros insertados en metrics: 8
Nuevos registros insertados en metrics_likes: 4
Inserci贸n completa.
==== FIN EJECUCIN METRICS-TO-DB.PHP: 2025-06-03 13:16:01 ====
==== INICIO EJECUCIN METRICS-TO-DB.PHP: 2025-06-03 13:18:01 ====
Conexi贸n a MySQL exitosa.
Nuevos registros insertados en metrics: 6
Nuevos registros insertados en metrics_likes: 3
Inserci贸n completa.
==== FIN EJECUCIN METRICS-TO-DB.PHP: 2025-06-03 13:18:02 ====
==== INICIO EJECUCIN METRICS-TO-DB.PHP: 2025-06-03 13:20:01 ====
Conexi贸n a MySQL exitosa.
Nuevos registros insertados en metrics: 4
Nuevos registros insertados en metrics_likes: 2
Inserci贸n completa.
==== FIN EJECUCIN METRICS-TO-DB.PHP: 2025-06-03 13:20:01 ====
==== INICIO EJECUCIN METRICS-TO-DB.PHP: 2025-06-03 13:22:01 ====
Conexi贸n a MySQL exitosa.
Nuevos registros insertados en metrics: 2
Nuevos registros insertados en metrics_likes: 1
Inserci贸n completa.
==== FIN EJECUCIN METRICS-TO-DB.PHP: 2025-06-03 13:22:01 ====
==== INICIO EJECUCIN METRICS-TO-DB.PHP: 2025-06-03 13:24:01 ====
Conexi贸n a MySQL exitosa.
Nuevos registros insertados en metrics: 2
Nuevos registros insertados en metrics_likes: 1
Inserci贸n completa.
==== FIN EJECUCIN METRICS-TO-DB.PHP: 2025-06-03 13:24:02 ====
==== INICIO EJECUCIN METRICS-TO-DB.PHP: 2025-06-03 13:26:01 ====
Conexi贸n a MySQL exitosa.
Nuevos registros insertados en metrics: 6
Nuevos registros insertados en metrics_likes: 3
Inserci贸n completa.
==== FIN EJECUCIN METRICS-TO-DB.PHP: 2025-06-03 13:26:01 ====
==== INICIO EJECUCIN METRICS-TO-DB.PHP: 2025-06-03 13:28:01 ====
Conexi贸n a MySQL exitosa.
Nuevos registros insertados en metrics: 2
Nuevos registros insertados en metrics_likes: 1
Inserci贸n completa.
==== FIN EJECUCIN METRICS-TO-DB.PHP: 2025-06-03 13:28:01 ====
==== INICIO EJECUCIN METRICS-TO-DB.PHP: 2025-06-03 13:30:01 ====
Conexi贸n a MySQL exitosa.
Nuevos registros insertados en metrics: 6
Nuevos registros insertados en metrics_likes: 3
Inserci贸n completa.
==== FIN EJECUCIN METRICS-TO-DB.PHP: 2025-06-03 13:30:01 ====
==== INICIO EJECUCIN METRICS-TO-DB.PHP: 2025-06-03 13:32:02 ====
Conexi贸n a MySQL exitosa.
Nuevos registros insertados en metrics: 0
Nuevos registros insertados en metrics_likes: 0
Inserci贸n completa.
==== FIN EJECUCIN METRICS-TO-DB.PHP: 2025-06-03 13:32:02 ====
==== INICIO EJECUCIN METRICS-TO-DB.PHP: 2025-06-03 13:34:01 ====
Conexi贸n a MySQL exitosa.
Nuevos registros insertados en metrics: 0
Nuevos registros insertados en metrics_likes: 0
Inserci贸n completa.
==== FIN EJECUCIN METRICS-TO-DB.PHP: 2025-06-03 13:34:01 ====
==== INICIO EJECUCIN METRICS-TO-DB.PHP: 2025-06-03 13:36:01 ====
Conexi贸n a MySQL exitosa.
Nuevos registros insertados en metrics: 0
Nuevos registros insertados en metrics_likes: 0
Inserci贸n completa.
==== FIN EJECUCIN METRICS-TO-DB.PHP: 2025-06-03 13:36:01 ====
==== INICIO EJECUCIN METRICS-TO-DB.PHP: 2025-06-03 13:38:01 ====
Conexi贸n a MySQL exitosa.
Nuevos registros insertados en metrics: 0
Nuevos registros insertados en metrics_likes: 0
Inserci贸n completa.
==== FIN EJECUCIN METRICS-TO-DB.PHP: 2025-06-03 13:38:02 ====
==== INICIO EJECUCIN METRICS-TO-DB.PHP: 2025-06-03 13:40:01 ====
Conexi贸n a MySQL exitosa.
Nuevos registros insertados en metrics: 0
Nuevos registros insertados en metrics_likes: 0
Inserci贸n completa.
==== FIN EJECUCIN METRICS-TO-DB.PHP: 2025-06-03 13:40:01 ====
==== INICIO EJECUCIN METRICS-TO-DB.PHP: 2025-06-03 13:42:01 ====
Conexi贸n a MySQL exitosa.
Nuevos registros insertados en metrics: 0
Nuevos registros insertados en metrics_likes: 0
Inserci贸n completa.
==== FIN EJECUCIN METRICS-TO-DB.PHP: 2025-06-03 13:42:01 ====
==== INICIO EJECUCIN METRICS-TO-DB.PHP: 2025-06-03 13:44:01 ====
Conexi贸n a MySQL exitosa.
Nuevos registros insertados en metrics: 0
Nuevos registros insertados en metrics_likes: 0
Inserci贸n completa.
==== FIN EJECUCIN METRICS-TO-DB.PHP: 2025-06-03 13:44:01 ====
==== INICIO EJECUCIN METRICS-TO-DB.PHP: 2025-06-03 13:46:01 ====
Conexi贸n a MySQL exitosa.
Nuevos registros insertados en metrics: 0
Nuevos registros insertados en metrics_likes: 0
Inserci贸n completa.
==== FIN EJECUCIN METRICS-TO-DB.PHP: 2025-06-03 13:46:02 ====
==== INICIO EJECUCIN METRICS-TO-DB.PHP: 2025-06-03 16:56:01 ====
Conexi贸n a MySQL exitosa.
Nuevos registros insertados en metrics: 0
Nuevos registros insertados en metrics_likes: 0
Inserci贸n completa.
==== FIN EJECUCIN METRICS-TO-DB.PHP: 2025-06-03 16:56:01 ====
==== INICIO EJECUCIN METRICS-TO-DB.PHP: 2025-06-03 16:58:01 ====
Conexi贸n a MySQL exitosa.
Nuevos registros insertados en metrics: 0
Nuevos registros insertados en metrics_likes: 0
Inserci贸n completa.
==== FIN EJECUCIN METRICS-TO-DB.PHP: 2025-06-03 16:58:01 ====
==== INICIO EJECUCIN METRICS-TO-DB.PHP: 2025-06-03 17:00:01 ====
Conexi贸n a MySQL exitosa.
Nuevos registros insertados en metrics: 0
Nuevos registros insertados en metrics_likes: 0
Inserci贸n completa.
==== FIN EJECUCIN METRICS-TO-DB.PHP: 2025-06-03 17:00:02 ====
==== INICIO EJECUCIN METRICS-TO-DB.PHP: 2025-06-03 17:10:01 ====
Conexi贸n a MySQL exitosa.
Nuevos registros insertados en metrics: 22
Nuevos registros insertados en metrics_likes: 11
Inserci贸n completa.
==== FIN EJECUCIN METRICS-TO-DB.PHP: 2025-06-03 17:10:01 ====
==== INICIO EJECUCIN METRICS-TO-DB.PHP: 2025-06-03 17:20:01 ====
Conexi贸n a MySQL exitosa.
Nuevos registros insertados en metrics: 38
Nuevos registros insertados en metrics_likes: 19
Inserci贸n completa.
==== FIN EJECUCIN METRICS-TO-DB.PHP: 2025-06-03 17:20:02 ====
==== INICIO EJECUCIN METRICS-TO-DB.PHP: 2025-06-03 17:30:01 ====
Conexi贸n a MySQL exitosa.
Nuevos registros insertados en metrics: 26
Nuevos registros insertados en metrics_likes: 13
Inserci贸n completa.
==== FIN EJECUCIN METRICS-TO-DB.PHP: 2025-06-03 17:30:01 ====
==== INICIO EJECUCIN METRICS-TO-DB.PHP: 2025-06-03 17:40:01 ====
Conexi贸n a MySQL exitosa.
Nuevos registros insertados en metrics: 18
Nuevos registros insertados en metrics_likes: 9
Inserci贸n completa.
==== FIN EJECUCIN METRICS-TO-DB.PHP: 2025-06-03 17:40:02 ====
